<?xml version="1.0" encoding="UTF-8"?>
<!-- Generated by org.testng.reporters.JUnitXMLReporter -->
<testsuite hostname="DESKTOP-1DCFOTD" ignored="0" name="Full Test" tests="20" failures="7" timestamp="03 Jun 2019 06:32:21 GMT" time="260.273" errors="0">
  <testcase name="TC01_login" time="3.166" classname="features.LoginORMTest"/>
  <testcase name="TC02_login" time="2.15" classname="features.LoginORMTest"/>
  <testcase name="TC03_login" time="2.321" classname="features.LoginORMTest"/>
  <testcase name="TC05_login" time="2.692" classname="features.LoginORMTest"/>
  <testcase name="TC06_login" time="2.513" classname="features.LoginORMTest"/>
  <testcase name="TC07_login" time="2.954" classname="features.LoginORMTest"/>
  <testcase name="TC08_login" time="2.561" classname="features.LoginORMTest"/>
  <testcase name="TC02_inquiry" time="10.195" classname="features.InquiryUserOHRMTest"/>
  <testcase name="TC01_home_navigation" time="11.693" classname="features.HomePageNavigationTest">
    <failure type="com.assertthat.selenium_shutterbug.utils.image.UnableToCompareImagesException" message="Images dimensions mismatch: image1 - 1920x2796; image2 - 1920x6349">
      <![CDATA[com.assertthat.selenium_shutterbug.utils.image.UnableToCompareImagesException: Images dimensions mismatch: image1 - 1920x2796; image2 - 1920x6349
at com.assertthat.selenium_shutterbug.utils.image.ImageProcessor.imagesAreEquals(ImageProcessor.java:116)
at com.assertthat.selenium_shutterbug.core.Snapshot.equals(Snapshot.java:262)
at pages.HomePage.verifyLandingToCorrectPage(HomePage.java:166)
at features.HomePageNavigationTest.TC01_home_navigation(HomePageNavigationTest.java:26)
... Removed 28 stack frames]]>
    </failure>
  </testcase> <!-- TC01_home_navigation -->
  <testcase name="TC02_home_navigation" time="14.382" classname="features.HomePageNavigationTest"/>
  <testcase name="TC03_home_navigation" time="6.859" classname="features.HomePageNavigationTest"/>
  <testcase name="TC04_home_navigation" time="6.248" classname="features.HomePageNavigationTest"/>
  <testcase name="TC05_home_navigation" time="9.529" classname="features.HomePageNavigationTest">
    <failure type="java.lang.AssertionError" message="Images are Same expected [false] but found [true]">
      <![CDATA[java.lang.AssertionError: Images are Same expected [false] but found [true]
at pages.HomePage.verifyLandingToCorrectPage(HomePage.java:219)
at features.HomePageNavigationTest.TC05_home_navigation(HomePageNavigationTest.java:60)
... Removed 31 stack frames]]>
    </failure>
  </testcase> <!-- TC05_home_navigation -->
  <testcase name="TC06_home_navigation" time="5.282" classname="features.HomePageNavigationTest">
    <failure type="java.lang.AssertionError" message="
Expected: a string containing &amp;quot;http://127.0.0.1/orangehrm-4.0/symfony/web/index.php/recruitment/viewCandidates#&amp;quot;
     but: was &amp;quot;http://127.0.0.1/orangehrm-4.0/symfony/web/index.php/dashboard#&amp;quot;">
      <![CDATA[java.lang.AssertionError: 
Expected: a string containing "http://127.0.0.1/orangehrm-4.0/symfony/web/index.php/recruitment/viewCandidates#"
     but: was "http://127.0.0.1/orangehrm-4.0/symfony/web/index.php/dashboard#"
at org.hamcrest.MatcherAssert.assertThat(MatcherAssert.java:20)
at org.hamcrest.MatcherAssert.assertThat(MatcherAssert.java:8)
at pages.HomePage.verifyLandingToCorrectPage(HomePage.java:159)
at features.HomePageNavigationTest.TC06_home_navigation(HomePageNavigationTest.java:68)
... Removed 28 stack frames]]>
    </failure>
  </testcase> <!-- TC06_home_navigation -->
  <testcase name="TC07_home_navigation" time="10.622" classname="features.HomePageNavigationTest"/>
  <testcase name="TC08_home_navigation" time="29.65" classname="features.HomePageNavigationTest"/>
  <testcase name="TC09_home_navigation" time="4.261" classname="features.HomePageNavigationTest">
    <failure type="java.lang.AssertionError" message="
Expected: a string containing &amp;quot;Company Name: Okta Jaya Pte Ltd&amp;quot;
     but: was &amp;quot;Company Name:
Version: Orangehrm OS 4.0
Active Employees: 73
Employees Terminated: 0&amp;quot;">
      <![CDATA[java.lang.AssertionError: 
Expected: a string containing "Company Name: Okta Jaya Pte Ltd"
     but: was "Company Name:
Version: Orangehrm OS 4.0
Active Employees: 73
Employees Terminated: 0"
at org.hamcrest.MatcherAssert.assertThat(MatcherAssert.java:20)
at org.hamcrest.MatcherAssert.assertThat(MatcherAssert.java:8)
at pages.HomePage.verifyModalIsDisplayedWithInformativeMessage(HomePage.java:242)
at features.HomePageNavigationTest.TC09_home_navigation(HomePageNavigationTest.java:93)
... Removed 28 stack frames]]>
    </failure>
  </testcase> <!-- TC09_home_navigation -->
  <testcase name="TC10_home_navigation" time="42.456" classname="features.HomePageNavigationTest">
    <failure type="java.lang.AssertionError" message="
Expected: a string containing &amp;quot;http://127.0.0.1/orangehrm-4.0/symfony/web/index.php/admin/viewSystemUsers&amp;quot;
     but: was &amp;quot;http://127.0.0.1/orangehrm-4.0/symfony/web/index.php/directory/viewDirectory/reset/1&amp;quot;">
      <![CDATA[java.lang.AssertionError: 
Expected: a string containing "http://127.0.0.1/orangehrm-4.0/symfony/web/index.php/admin/viewSystemUsers"
     but: was "http://127.0.0.1/orangehrm-4.0/symfony/web/index.php/directory/viewDirectory/reset/1"
at org.hamcrest.MatcherAssert.assertThat(MatcherAssert.java:20)
at org.hamcrest.MatcherAssert.assertThat(MatcherAssert.java:8)
at pages.HomePage.verifyLandingToCorrectPage(HomePage.java:159)
at features.HomePageNavigationTest.TC10_home_navigation(HomePageNavigationTest.java:106)
... Removed 28 stack frames]]>
    </failure>
  </testcase> <!-- TC10_home_navigation -->
  <testcase name="TC04_login" time="2.88" classname="features.LoginORMTest">
    <failure type="java.lang.AssertionError" message="
Expected: a string containing &amp;quot;http://127.0.0.1/orangehrm-4.0/symfony/web/index.php/dashboard&amp;quot;
     but: was &amp;quot;http://127.0.0.1/orangehrm-4.0/symfony/web/index.php/auth/validateCredentials&amp;quot;">
      <![CDATA[java.lang.AssertionError: 
Expected: a string containing "http://127.0.0.1/orangehrm-4.0/symfony/web/index.php/dashboard"
     but: was "http://127.0.0.1/orangehrm-4.0/symfony/web/index.php/auth/validateCredentials"
at org.hamcrest.MatcherAssert.assertThat(MatcherAssert.java:20)
at org.hamcrest.MatcherAssert.assertThat(MatcherAssert.java:8)
at pages.login.LoginPage.landingToDashboardPage(LoginPage.java:56)
at features.LoginORMTest.TC04_login(LoginORMTest.java:57)
... Removed 28 stack frames]]>
    </failure>
  </testcase> <!-- TC04_login -->
  <testcase name="TC01_inquiry" time="6.872" classname="features.InquiryUserOHRMTest">
    <failure type="org.openqa.selenium.NoSuchElementException" message="no such element: Unable to locate element: {&amp;quot;method&amp;quot;:&amp;quot;id&amp;quot;,&amp;quot;selector&amp;quot;:&amp;quot;resultTable&amp;quot;}
  (Session info: chrome=74.0.3729.169)
  (Driver info: chromedriver=2.38.551601 (edb21f07fc70e9027c746edd3201443e011a61ed),platform=Windows NT 10.0.17134 x86_64) (WARNING: The server did not provide any stacktrace information)
Command duration or timeout: 0 milliseconds
For documentation on this error, please visit: https://www.seleniumhq.org/exceptions/no_such_element.html
Build info: version: &amp;apos;3.141.59&amp;apos;, revision: &amp;apos;e82be7d358&amp;apos;, time: &amp;apos;2018-11-14T08:17:03&amp;apos;
System info: host: &amp;apos;DESKTOP-1DCFOTD&amp;apos;, ip: &amp;apos;172.18.138.1&amp;apos;, os.name: &amp;apos;Windows 10&amp;apos;, os.arch: &amp;apos;amd64&amp;apos;, os.version: &amp;apos;10.0&amp;apos;, java.version: &amp;apos;1.8.0_161&amp;apos;
Driver info: org.openqa.selenium.chrome.ChromeDriver
Capabilities {acceptInsecureCerts: false, acceptSslCerts: false, applicationCacheEnabled: false, browserConnectionEnabled: false, browserName: chrome, chrome: {chromedriverVersion: 2.38.551601 (edb21f07fc70e9..., userDataDir: C:\Users\User\AppData\Local...}, cssSelectorsEnabled: true, databaseEnabled: false, handlesAlerts: true, hasTouchScreen: false, javascriptEnabled: true, locationContextEnabled: true, mobileEmulationEnabled: false, nativeEvents: true, networkConnectionEnabled: false, pageLoadStrategy: normal, platform: XP, platformName: XP, rotatable: false, setWindowRect: true, takesHeapSnapshot: true, takesScreenshot: true, unexpectedAlertBehaviour: , unhandledPromptBehavior: , version: 74.0.3729.169, webStorageEnabled: true}
Session ID: 9d9e50196b79fb03a4b07055f1c8603c
*** Element info: {Using=id, value=resultTable}">
      <![CDATA[org.openqa.selenium.NoSuchElementException: no such element: Unable to locate element: {"method":"id","selector":"resultTable"}
  (Session info: chrome=74.0.3729.169)
  (Driver info: chromedriver=2.38.551601 (edb21f07fc70e9027c746edd3201443e011a61ed),platform=Windows NT 10.0.17134 x86_64) (WARNING: The server did not provide any stacktrace information)
Command duration or timeout: 0 milliseconds
For documentation on this error, please visit: https://www.seleniumhq.org/exceptions/no_such_element.html
Build info: version: '3.141.59', revision: 'e82be7d358', time: '2018-11-14T08:17:03'
System info: host: 'DESKTOP-1DCFOTD', ip: '172.18.138.1', os.name: 'Windows 10', os.arch: 'amd64', os.version: '10.0', java.version: '1.8.0_161'
Driver info: org.openqa.selenium.chrome.ChromeDriver
Capabilities {acceptInsecureCerts: false, acceptSslCerts: false, applicationCacheEnabled: false, browserConnectionEnabled: false, browserName: chrome, chrome: {chromedriverVersion: 2.38.551601 (edb21f07fc70e9..., userDataDir: C:\Users\User\AppData\Local...}, cssSelectorsEnabled: true, databaseEnabled: false, handlesAlerts: true, hasTouchScreen: false, javascriptEnabled: true, locationContextEnabled: true, mobileEmulationEnabled: false, nativeEvents: true, networkConnectionEnabled: false, pageLoadStrategy: normal, platform: XP, platformName: XP, rotatable: false, setWindowRect: true, takesHeapSnapshot: true, takesScreenshot: true, unexpectedAlertBehaviour: , unhandledPromptBehavior: , version: 74.0.3729.169, webStorageEnabled: true}
Session ID: 9d9e50196b79fb03a4b07055f1c8603c
*** Element info: {Using=id, value=resultTable}
at org.openqa.selenium.remote.ErrorHandler.createThrowable(ErrorHandler.java:214)
at org.openqa.selenium.remote.ErrorHandler.throwIfResponseFailed(ErrorHandler.java:166)
at org.openqa.selenium.remote.http.JsonHttpResponseCodec.reconstructValue(JsonHttpResponseCodec.java:40)
at org.openqa.selenium.remote.http.AbstractHttpResponseCodec.decode(AbstractHttpResponseCodec.java:80)
at org.openqa.selenium.remote.http.AbstractHttpResponseCodec.decode(AbstractHttpResponseCodec.java:44)
at org.openqa.selenium.remote.HttpCommandExecutor.execute(HttpCommandExecutor.java:158)
at org.openqa.selenium.remote.service.DriverCommandExecutor.execute(DriverCommandExecutor.java:83)
at org.openqa.selenium.remote.RemoteWebDriver.execute(RemoteWebDriver.java:552)
at org.openqa.selenium.remote.RemoteWebDriver.findElement(RemoteWebDriver.java:323)
at org.openqa.selenium.remote.RemoteWebDriver.findElementById(RemoteWebDriver.java:372)
at org.openqa.selenium.By$ById.findElement(By.java:188)
at org.openqa.selenium.remote.RemoteWebDriver.findElement(RemoteWebDriver.java:315)
at pages.admin.UserMgn_UserPage.searchUserByUserName(UserMgn_UserPage.java:157)
at features.InquiryUserOHRMTest.TC01_inquiry(InquiryUserOHRMTest.java:20)
... Removed 32 stack frames]]>
    </failure>
  </testcase> <!-- TC01_inquiry -->
</testsuite> <!-- Full Test -->
