{"name":"Able to navigate to performance page","status":"failed","statusDetails":{"known":false,"muted":false,"flaky":false,"message":"\nExpected: a string containing \"http://127.0.0.1/orangehrm-4.0/symfony/web/index.php/recruitment/viewCandidates#\"\n     but: was \"http://127.0.0.1/orangehrm-4.0/symfony/web/index.php/dashboard#\"","trace":"java.lang.AssertionError: \nExpected: a string containing \"http://127.0.0.1/orangehrm-4.0/symfony/web/index.php/recruitment/viewCandidates#\"\n     but: was \"http://127.0.0.1/orangehrm-4.0/symfony/web/index.php/dashboard#\"\r\n\tat org.hamcrest.MatcherAssert.assertThat(MatcherAssert.java:20)\r\n\tat org.hamcrest.MatcherAssert.assertThat(MatcherAssert.java:8)\r\n\tat pages.HomePage.verifyLandingToCorrectPage(HomePage.java:125)\r\n\tat features.HomePageNavigationTest.TC06_home_navigation(HomePageNavigationTest.java:56)\r\n\tat sun.reflect.NativeMethodAccessorImpl.invoke0(Native Method)\r\n\tat sun.reflect.NativeMethodAccessorImpl.invoke(NativeMethodAccessorImpl.java:62)\r\n\tat sun.reflect.DelegatingMethodAccessorImpl.invoke(DelegatingMethodAccessorImpl.java:43)\r\n\tat java.lang.reflect.Method.invoke(Method.java:498)\r\n\tat org.testng.internal.MethodInvocationHelper.invokeMethod(MethodInvocationHelper.java:124)\r\n\tat org.testng.internal.Invoker.invokeMethod(Invoker.java:583)\r\n\tat org.testng.internal.Invoker.retryFailed(Invoker.java:839)\r\n\tat org.testng.internal.Invoker.invokeTestMethods(Invoker.java:1010)\r\n\tat org.testng.internal.TestMethodWorker.invokeTestMethods(TestMethodWorker.java:125)\r\n\tat org.testng.internal.TestMethodWorker.run(TestMethodWorker.java:109)\r\n\tat org.testng.TestRunner.privateRun(TestRunner.java:648)\r\n\tat org.testng.TestRunner.run(TestRunner.java:505)\r\n\tat org.testng.SuiteRunner.runTest(SuiteRunner.java:455)\r\n\tat org.testng.SuiteRunner.runSequentially(SuiteRunner.java:450)\r\n\tat org.testng.SuiteRunner.privateRun(SuiteRunner.java:415)\r\n\tat org.testng.SuiteRunner.run(SuiteRunner.java:364)\r\n\tat org.testng.SuiteRunnerWorker.runSuite(SuiteRunnerWorker.java:52)\r\n\tat org.testng.SuiteRunnerWorker.run(SuiteRunnerWorker.java:84)\r\n\tat org.testng.TestNG.runSuitesSequentially(TestNG.java:1208)\r\n\tat org.testng.TestNG.runSuitesLocally(TestNG.java:1137)\r\n\tat org.testng.TestNG.runSuites(TestNG.java:1049)\r\n\tat org.testng.TestNG.run(TestNG.java:1017)\r\n\tat org.apache.maven.surefire.testng.TestNGExecutor.run(TestNGExecutor.java:283)\r\n\tat org.apache.maven.surefire.testng.TestNGXmlTestSuite.execute(TestNGXmlTestSuite.java:75)\r\n\tat org.apache.maven.surefire.testng.TestNGProvider.invoke(TestNGProvider.java:120)\r\n\tat org.apache.maven.surefire.booter.ForkedBooter.invokeProviderInSameClassLoader(ForkedBooter.java:386)\r\n\tat org.apache.maven.surefire.booter.ForkedBooter.runSuitesInProcess(ForkedBooter.java:323)\r\n\tat org.apache.maven.surefire.booter.ForkedBooter.main(ForkedBooter.java:143)\r\n"},"stage":"finished","steps":[{"name":"Given - User is landing to expected page - home","status":"passed","stage":"finished","steps":[{"name":"User logs in to Portal","status":"passed","stage":"finished","steps":[],"attachments":[],"parameters":[{"name":"name","value":"admin"},{"name":"pasword","value":"admin"}],"start":1559118075830,"stop":1559118077005}],"attachments":[],"parameters":[{"name":"page","value":"home"}],"start":1559118074300,"stop":1559118077005},{"name":"When - User goes to Performance Module","status":"passed","stage":"finished","steps":[],"attachments":[],"parameters":[],"start":1559118077005,"stop":1559118077094},{"name":"Then - User is Landing to Correct Page","status":"failed","statusDetails":{"known":false,"muted":false,"flaky":false,"message":"\nExpected: a string containing \"http://127.0.0.1/orangehrm-4.0/symfony/web/index.php/recruitment/viewCandidates#\"\n     but: was \"http://127.0.0.1/orangehrm-4.0/symfony/web/index.php/dashboard#\"","trace":"java.lang.AssertionError: \nExpected: a string containing \"http://127.0.0.1/orangehrm-4.0/symfony/web/index.php/recruitment/viewCandidates#\"\n     but: was \"http://127.0.0.1/orangehrm-4.0/symfony/web/index.php/dashboard#\"\r\n\tat org.hamcrest.MatcherAssert.assertThat(MatcherAssert.java:20)\r\n\tat org.hamcrest.MatcherAssert.assertThat(MatcherAssert.java:8)\r\n\tat pages.HomePage.verifyLandingToCorrectPage(HomePage.java:125)\r\n\tat features.HomePageNavigationTest.TC06_home_navigation(HomePageNavigationTest.java:56)\r\n\tat sun.reflect.NativeMethodAccessorImpl.invoke0(Native Method)\r\n\tat sun.reflect.NativeMethodAccessorImpl.invoke(NativeMethodAccessorImpl.java:62)\r\n\tat sun.reflect.DelegatingMethodAccessorImpl.invoke(DelegatingMethodAccessorImpl.java:43)\r\n\tat java.lang.reflect.Method.invoke(Method.java:498)\r\n\tat org.testng.internal.MethodInvocationHelper.invokeMethod(MethodInvocationHelper.java:124)\r\n\tat org.testng.internal.Invoker.invokeMethod(Invoker.java:583)\r\n\tat org.testng.internal.Invoker.retryFailed(Invoker.java:839)\r\n\tat org.testng.internal.Invoker.invokeTestMethods(Invoker.java:1010)\r\n\tat org.testng.internal.TestMethodWorker.invokeTestMethods(TestMethodWorker.java:125)\r\n\tat org.testng.internal.TestMethodWorker.run(TestMethodWorker.java:109)\r\n\tat org.testng.TestRunner.privateRun(TestRunner.java:648)\r\n\tat org.testng.TestRunner.run(TestRunner.java:505)\r\n\tat org.testng.SuiteRunner.runTest(SuiteRunner.java:455)\r\n\tat org.testng.SuiteRunner.runSequentially(SuiteRunner.java:450)\r\n\tat org.testng.SuiteRunner.privateRun(SuiteRunner.java:415)\r\n\tat org.testng.SuiteRunner.run(SuiteRunner.java:364)\r\n\tat org.testng.SuiteRunnerWorker.runSuite(SuiteRunnerWorker.java:52)\r\n\tat org.testng.SuiteRunnerWorker.run(SuiteRunnerWorker.java:84)\r\n\tat org.testng.TestNG.runSuitesSequentially(TestNG.java:1208)\r\n\tat org.testng.TestNG.runSuitesLocally(TestNG.java:1137)\r\n\tat org.testng.TestNG.runSuites(TestNG.java:1049)\r\n\tat org.testng.TestNG.run(TestNG.java:1017)\r\n\tat org.apache.maven.surefire.testng.TestNGExecutor.run(TestNGExecutor.java:283)\r\n\tat org.apache.maven.surefire.testng.TestNGXmlTestSuite.execute(TestNGXmlTestSuite.java:75)\r\n\tat org.apache.maven.surefire.testng.TestNGProvider.invoke(TestNGProvider.java:120)\r\n\tat org.apache.maven.surefire.booter.ForkedBooter.invokeProviderInSameClassLoader(ForkedBooter.java:386)\r\n\tat org.apache.maven.surefire.booter.ForkedBooter.runSuitesInProcess(ForkedBooter.java:323)\r\n\tat org.apache.maven.surefire.booter.ForkedBooter.main(ForkedBooter.java:143)\r\n"},"stage":"finished","steps":[],"attachments":[],"parameters":[{"name":"page","value":"http://127.0.0.1/orangehrm-4.0/symfony/web/index.php/recruitment/viewCandidates#"}],"start":1559118077094,"stop":1559118077099}],"attachments":[{"name":"Page screenshot","source":"09346cd7-94b1-4ea3-8775-a4ac652595fa-attachment","type":"image/png"},{"name":"TC06_home_navigation failed and screenshot taken!","source":"d70c1aaf-5241-4401-82f1-513e6b296b76-attachment","type":"text/plain"},{"name":"Page screenshot","source":"777ac592-2e7c-47b3-8af4-a8d84d855fd7-attachment","type":"image/png"},{"name":"TC06_home_navigation failed and screenshot taken!","source":"e5b4bd22-6f8c-404b-b403-6dc004b1a62a-attachment","type":"text/plain"}],"parameters":[],"start":1559118074300,"stop":1559118078853,"uuid":"a832020d-41e3-4a6b-a4a3-cc45c5a92ad9","historyId":"9fba45182e8c4728840af33859d27b91","fullName":"features.HomePageNavigationTest.TC06_home_navigation","labels":[{"name":"package","value":"features.HomePageNavigationTest"},{"name":"testClass","value":"features.HomePageNavigationTest"},{"name":"testMethod","value":"TC06_home_navigation"},{"name":"parentSuite","value":"OrangeHRM Test Suite"},{"name":"suite","value":"Full Test"},{"name":"subSuite","value":"features.HomePageNavigationTest"},{"name":"host","value":"DESKTOP-1DCFOTD"},{"name":"thread","value":"43020@DESKTOP-1DCFOTD.main(1)"},{"name":"framework","value":"testng"},{"name":"language","value":"java"},{"name":"feature","value":"Home Page Navigation"},{"name":"epic","value":"Regression Tests"}],"links":[]}