<?xml version="1.0" encoding="UTF-8"?>
<testsuite xmlns:xsi="http://www.w3.org/2001/XMLSchema-instance" xsi:noNamespaceSchemaLocation="https://maven.apache.org/surefire/maven-surefire-plugin/xsd/surefire-test-report.xsd" name="TestSuite" time="250.566" tests="20" errors="0" skipped="0" failures="7">
  <properties>
    <property name="java.runtime.name" value="Java(TM) SE Runtime Environment"/>
    <property name="sun.boot.library.path" value="C:\Program Files\Java\jdk1.8.0_161\jre\bin"/>
    <property name="java.vm.version" value="25.161-b12"/>
    <property name="java.vm.vendor" value="Oracle Corporation"/>
    <property name="maven.multiModuleProjectDirectory" value="C:\Users\User\Documents\GitHub\OrangeHRMTestNGAllure"/>
    <property name="java.vendor.url" value="http://java.oracle.com/"/>
    <property name="path.separator" value=";"/>
    <property name="guice.disable.misplaced.annotation.check" value="true"/>
    <property name="java.vm.name" value="Java HotSpot(TM) 64-Bit Server VM"/>
    <property name="file.encoding.pkg" value="sun.io"/>
    <property name="user.script" value=""/>
    <property name="user.country" value="US"/>
    <property name="sun.java.launcher" value="SUN_STANDARD"/>
    <property name="sun.os.patch.level" value=""/>
    <property name="java.vm.specification.name" value="Java Virtual Machine Specification"/>
    <property name="user.dir" value="C:\Users\User\Documents\GitHub\OrangeHRMTestNGAllure"/>
    <property name="java.runtime.version" value="1.8.0_161-b12"/>
    <property name="java.awt.graphicsenv" value="sun.awt.Win32GraphicsEnvironment"/>
    <property name="java.endorsed.dirs" value="C:\Program Files\Java\jdk1.8.0_161\jre\lib\endorsed"/>
    <property name="os.arch" value="amd64"/>
    <property name="java.io.tmpdir" value="C:\Users\User\AppData\Local\Temp\"/>
    <property name="line.separator" value="&#10;"/>
    <property name="java.vm.specification.vendor" value="Oracle Corporation"/>
    <property name="user.variant" value=""/>
    <property name="os.name" value="Windows 10"/>
    <property name="classworlds.conf" value="C:\Program Files\apache-maven-3.5.3\bin\..\bin\m2.conf"/>
    <property name="sun.jnu.encoding" value="GBK"/>
    <property name="java.library.path" value="C:\Program Files\Java\jdk1.8.0_161\bin;C:\WINDOWS\Sun\Java\bin;C:\WINDOWS\system32;C:\WINDOWS;C:\Program Files (x86)\Common Files\Oracle\Java\javapath;C:\ProgramData\Oracle\Java\javapath;C:\Program Files (x86)\Intel\iCLS Client\;C:\Program Files\Intel\iCLS Client\;C:\Windows\system32;C:\Windows;C:\Windows\System32\Wbem;C:\Windows\System32\WindowsPowerShell\v1.0\;C:\Program Files (x86)\Intel\Intel(R) Management Engine Components\DAL;C:\Program Files\Intel\Intel(R) Management Engine Components\DAL;C:\Program Files (x86)\Intel\Intel(R) Management Engine Components\IPT;C:\Program Files\Intel\Intel(R) Management Engine Components\IPT;C:\Program Files (x86)\NVIDIA Corporation\PhysX\Common;C:\Program Files\Intel\WiFi\bin\;C:\Program Files\Common Files\Intel\WirelessCommon\;C:\Program Files\nodejs\;C:\Program Files\apache-maven-3.5.3\bin;C:\Program Files\apache-maven-3.5.3;C:\Program Files\Java\jdk1.8.0_161\bin;C:\Program Files\Git\cmd;C:\WINDOWS\system32;C:\WINDOWS;C:\WINDOWS\System32\Wbem;C:\WINDOWS\System32\WindowsPowerShell\v1.0\;C:\Program Files\PuTTY\;C:\Users\User\Documents\SELENIUMPRACTICE\OrangeHRMPageFactoryOkta\driver;C:\WINDOWS\System32\OpenSSH\;C:\Program Files\dotnet\;C:\Users\User\AppData\Local\Android\Sdk\platform-tools;C:\Users\User\AppData\Local\Android\Sdk;C:\Users\User\AppData\Local\Android\Sdk\build-tools;C:\Users\User\Documents\SELENIUMPRACTICE\OrangeHRMPageFactoryOkta\driver;C:\Users\User\scoop\shims;C:\Users\User\AppData\Local\Microsoft\WindowsApps;C:\Users\User\AppData\Roaming\npm;C:\Users\User\AppData\Local\GitHubDesktop\bin;C:\Program Files\Microsoft VS Code\bin;C:\Users\User\AppData\Local\Microsoft\WindowsApps;;C:\Users\User\AppData\Local\Programs\Fiddler;C:\Users\User\.dotnet\tools;C:\Users\User\AppData\Local\Programs\Microsoft VS Code\bin;C:\Program Files\Docker Toolbox;."/>
    <property name="maven.conf" value="C:\Program Files\apache-maven-3.5.3\bin\../conf"/>
    <property name="java.specification.name" value="Java Platform API Specification"/>
    <property name="java.class.version" value="52.0"/>
    <property name="sun.management.compiler" value="HotSpot 64-Bit Tiered Compilers"/>
    <property name="os.version" value="10.0"/>
    <property name="library.jansi.path" value="C:\Program Files\apache-maven-3.5.3\bin\..\lib\jansi-native"/>
    <property name="user.home" value="C:\Users\User"/>
    <property name="user.timezone" value="Asia/Singapore"/>
    <property name="java.awt.printerjob" value="sun.awt.windows.WPrinterJob"/>
    <property name="java.specification.version" value="1.8"/>
    <property name="file.encoding" value="GBK"/>
    <property name="user.name" value="User"/>
    <property name="java.class.path" value="C:\Program Files\apache-maven-3.5.3\bin\..\boot\plexus-classworlds-2.5.2.jar"/>
    <property name="java.vm.specification.version" value="1.8"/>
    <property name="sun.arch.data.model" value="64"/>
    <property name="java.home" value="C:\Program Files\Java\jdk1.8.0_161\jre"/>
    <property name="sun.java.command" value="org.codehaus.plexus.classworlds.launcher.Launcher clean test"/>
    <property name="java.specification.vendor" value="Oracle Corporation"/>
    <property name="user.language" value="en"/>
    <property name="awt.toolkit" value="sun.awt.windows.WToolkit"/>
    <property name="java.vm.info" value="mixed mode"/>
    <property name="java.version" value="1.8.0_161"/>
    <property name="java.ext.dirs" value="C:\Program Files\Java\jdk1.8.0_161\jre\lib\ext;C:\WINDOWS\Sun\Java\lib\ext"/>
    <property name="sun.boot.class.path" value="C:\Program Files\Java\jdk1.8.0_161\jre\lib\resources.jar;C:\Program Files\Java\jdk1.8.0_161\jre\lib\rt.jar;C:\Program Files\Java\jdk1.8.0_161\jre\lib\sunrsasign.jar;C:\Program Files\Java\jdk1.8.0_161\jre\lib\jsse.jar;C:\Program Files\Java\jdk1.8.0_161\jre\lib\jce.jar;C:\Program Files\Java\jdk1.8.0_161\jre\lib\charsets.jar;C:\Program Files\Java\jdk1.8.0_161\jre\lib\jfr.jar;C:\Program Files\Java\jdk1.8.0_161\jre\classes"/>
    <property name="sun.stderr.encoding" value="ms936"/>
    <property name="java.vendor" value="Oracle Corporation"/>
    <property name="maven.home" value="C:\Program Files\apache-maven-3.5.3\bin\.."/>
    <property name="file.separator" value="\"/>
    <property name="java.vendor.url.bug" value="http://bugreport.sun.com/bugreport/"/>
    <property name="sun.cpu.endian" value="little"/>
    <property name="sun.io.unicode.encoding" value="UnicodeLittle"/>
    <property name="sun.stdout.encoding" value="ms936"/>
    <property name="sun.desktop" value="windows"/>
    <property name="sun.cpu.isalist" value="amd64"/>
  </properties>
  <testcase name="TC01_login" classname="features.LoginORMTest" time="4.158"/>
  <testcase name="TC02_login" classname="features.LoginORMTest" time="3.722"/>
  <testcase name="TC03_login" classname="features.LoginORMTest" time="3.719"/>
  <testcase name="TC05_login" classname="features.LoginORMTest" time="4.003"/>
  <testcase name="TC06_login" classname="features.LoginORMTest" time="4.188"/>
  <testcase name="TC07_login" classname="features.LoginORMTest" time="4.133"/>
  <testcase name="TC08_login" classname="features.LoginORMTest" time="4.139"/>
  <testcase name="TC02_inquiry" classname="features.InquiryUserOHRMTest" time="9.855"/>
  <testcase name="TC01_home_navigation" classname="features.HomePageNavigationTest" time="10.994">
    <failure message="Images dimensions mismatch: image1 - 1920x2796; image2 - 1920x6349" type="com.assertthat.selenium_shutterbug.utils.image.UnableToCompareImagesException">com.assertthat.selenium_shutterbug.utils.image.UnableToCompareImagesException: Images dimensions mismatch: image1 - 1920x2796; image2 - 1920x6349
	at features.HomePageNavigationTest.TC01_home_navigation(HomePageNavigationTest.java:26)
</failure>
    <system-out><![CDATA[I am in onTestSuccess method TC02_inquiry succeed
2019-06-03 23:46:27 INFO  Log:8 - ======================================================================================================
2019-06-03 23:46:27 INFO  Log:8 - ================================= END TO END TEST FINISHED ============================================
2019-06-03 23:46:27 INFO  Log:8 - ======================================================================================================
2019-06-03 23:46:29 INFO  Log:8 - ======================================================================================================
2019-06-03 23:46:29 INFO  Log:8 - ================================= END TO END TEST STARTED ============================================
2019-06-03 23:46:29 INFO  Log:8 - ======================================================================================================
2019-06-03 23:46:29 INFO  MonteRecorder:39 - Recording started
I am in onTestStart method TC01_home_navigation start
2019-06-03 23:46:29 INFO  Log:8 - TC01_home_navigation test is starting.
I am in onTestStart method TC01_home_navigation start
2019-06-03 23:46:29 INFO  Log:8 - TC01_home_navigation test is starting.
2019-06-03 23:46:39 INFO  MonteRecorder:45 - Recording finished to C:\Users\User\Documents\GitHub\OrangeHRMTestNGAllure\video\TC01_home_navigation_recording_2019_03_06_23_46_39.avi
2019-06-03 23:46:39 INFO  RecordingUtils:81 - No jenkinsUrl variable found.
2019-06-03 23:46:39 INFO  RecordingUtils:26 - Video recording: C:\Users\User\Documents\GitHub\OrangeHRMTestNGAllure\video\TC01_home_navigation_recording_2019_03_06_23_46_39.avi
I am in onTestFailure method TC01_home_navigation failed
Screenshot captured for test case:TC01_home_navigation
Video captured for test case:TC01_home_navigation
]]></system-out>
    <system-err><![CDATA[Starting ChromeDriver 2.38.551601 (edb21f07fc70e9027c746edd3201443e011a61ed) on port 37613
Only local connections are allowed.
Jun 03, 2019 11:46:29 PM org.openqa.selenium.remote.ProtocolHandshake createSession
INFO: Detected dialect: OSS
]]></system-err>
  </testcase>
  <testcase name="TC02_home_navigation" classname="features.HomePageNavigationTest" time="14.578"/>
  <testcase name="TC03_home_navigation" classname="features.HomePageNavigationTest" time="6.299"/>
  <testcase name="TC04_home_navigation" classname="features.HomePageNavigationTest" time="6.737"/>
  <testcase name="TC05_home_navigation" classname="features.HomePageNavigationTest" time="8.873">
    <failure message="Images are identical expected [false] but found [true]" type="java.lang.AssertionError">java.lang.AssertionError: Images are identical expected [false] but found [true]
	at features.HomePageNavigationTest.TC05_home_navigation(HomePageNavigationTest.java:61)
</failure>
    <system-out><![CDATA[I am in onTestSuccess method TC04_home_navigation succeed
2019-06-03 23:47:17 INFO  Log:8 - ======================================================================================================
2019-06-03 23:47:17 INFO  Log:8 - ================================= END TO END TEST FINISHED ============================================
2019-06-03 23:47:17 INFO  Log:8 - ======================================================================================================
2019-06-03 23:47:20 INFO  Log:8 - ======================================================================================================
2019-06-03 23:47:20 INFO  Log:8 - ================================= END TO END TEST STARTED ============================================
2019-06-03 23:47:20 INFO  Log:8 - ======================================================================================================
2019-06-03 23:47:20 INFO  MonteRecorder:39 - Recording started
I am in onTestStart method TC05_home_navigation start
2019-06-03 23:47:20 INFO  Log:8 - TC05_home_navigation test is starting.
I am in onTestStart method TC05_home_navigation start
2019-06-03 23:47:20 INFO  Log:8 - TC05_home_navigation test is starting.
2019-06-03 23:47:28 INFO  MonteRecorder:45 - Recording finished to C:\Users\User\Documents\GitHub\OrangeHRMTestNGAllure\video\TC05_home_navigation_recording_2019_03_06_23_47_28.avi
2019-06-03 23:47:28 INFO  RecordingUtils:81 - No jenkinsUrl variable found.
2019-06-03 23:47:28 INFO  RecordingUtils:26 - Video recording: C:\Users\User\Documents\GitHub\OrangeHRMTestNGAllure\video\TC05_home_navigation_recording_2019_03_06_23_47_28.avi
I am in onTestFailure method TC05_home_navigation failed
Screenshot captured for test case:TC05_home_navigation
Video captured for test case:TC05_home_navigation
]]></system-out>
    <system-err><![CDATA[Starting ChromeDriver 2.38.551601 (edb21f07fc70e9027c746edd3201443e011a61ed) on port 25231
Only local connections are allowed.
Jun 03, 2019 11:47:20 PM org.openqa.selenium.remote.ProtocolHandshake createSession
INFO: Detected dialect: OSS
]]></system-err>
  </testcase>
  <testcase name="TC06_home_navigation" classname="features.HomePageNavigationTest" time="5.491">
    <failure message="&#10;Expected: a string containing &quot;http://127.0.0.1/orangehrm-4.0/symfony/web/index.php/recruitment/viewCandidates#&quot;&#10;     but: was &quot;http://127.0.0.1/orangehrm-4.0/symfony/web/index.php/dashboard#&quot;" type="java.lang.AssertionError">java.lang.AssertionError: 

Expected: a string containing "http://127.0.0.1/orangehrm-4.0/symfony/web/index.php/recruitment/viewCandidates#"
     but: was "http://127.0.0.1/orangehrm-4.0/symfony/web/index.php/dashboard#"
	at features.HomePageNavigationTest.TC06_home_navigation(HomePageNavigationTest.java:69)
</failure>
    <system-out><![CDATA[I am in onTestFailure method TC05_home_navigation failed
Screenshot captured for test case:TC05_home_navigation
Video captured for test case:TC05_home_navigation
2019-06-03 23:47:30 INFO  Log:8 - ======================================================================================================
2019-06-03 23:47:30 INFO  Log:8 - ================================= END TO END TEST FINISHED ============================================
2019-06-03 23:47:30 INFO  Log:8 - ======================================================================================================
2019-06-03 23:47:32 INFO  Log:8 - ======================================================================================================
2019-06-03 23:47:32 INFO  Log:8 - ================================= END TO END TEST STARTED ============================================
2019-06-03 23:47:32 INFO  Log:8 - ======================================================================================================
2019-06-03 23:47:32 INFO  MonteRecorder:39 - Recording started
I am in onTestStart method TC06_home_navigation start
2019-06-03 23:47:32 INFO  Log:8 - TC06_home_navigation test is starting.
I am in onTestStart method TC06_home_navigation start
2019-06-03 23:47:32 INFO  Log:8 - TC06_home_navigation test is starting.
2019-06-03 23:47:37 INFO  MonteRecorder:45 - Recording finished to C:\Users\User\Documents\GitHub\OrangeHRMTestNGAllure\video\TC06_home_navigation_recording_2019_03_06_23_47_37.avi
2019-06-03 23:47:37 INFO  RecordingUtils:81 - No jenkinsUrl variable found.
2019-06-03 23:47:37 INFO  RecordingUtils:26 - Video recording: C:\Users\User\Documents\GitHub\OrangeHRMTestNGAllure\video\TC06_home_navigation_recording_2019_03_06_23_47_37.avi
I am in onTestFailure method TC06_home_navigation failed
Screenshot captured for test case:TC06_home_navigation
Video captured for test case:TC06_home_navigation
]]></system-out>
    <system-err><![CDATA[Starting ChromeDriver 2.38.551601 (edb21f07fc70e9027c746edd3201443e011a61ed) on port 20156
Only local connections are allowed.
Jun 03, 2019 11:47:32 PM org.openqa.selenium.remote.ProtocolHandshake createSession
INFO: Detected dialect: OSS
]]></system-err>
  </testcase>
  <testcase name="TC07_home_navigation" classname="features.HomePageNavigationTest" time="10.063"/>
  <testcase name="TC08_home_navigation" classname="features.HomePageNavigationTest" time="26.849"/>
  <testcase name="TC09_home_navigation" classname="features.HomePageNavigationTest" time="5.26">
    <failure message="&#10;Expected: a string containing &quot;Company Name: Okta Jaya Pte Ltd&quot;&#10;     but: was &quot;Company Name:&#10;Version: Orangehrm OS 4.0&#10;Active Employees: 73&#10;Employees Terminated: 0&quot;" type="java.lang.AssertionError">java.lang.AssertionError: 

Expected: a string containing "Company Name: Okta Jaya Pte Ltd"
     but: was "Company Name:
Version: Orangehrm OS 4.0
Active Employees: 73
Employees Terminated: 0"
	at features.HomePageNavigationTest.TC09_home_navigation(HomePageNavigationTest.java:97)
</failure>
    <system-out><![CDATA[I am in onTestSuccess method TC08_home_navigation succeed
2019-06-03 23:48:21 INFO  Log:8 - ======================================================================================================
2019-06-03 23:48:21 INFO  Log:8 - ================================= END TO END TEST FINISHED ============================================
2019-06-03 23:48:21 INFO  Log:8 - ======================================================================================================
2019-06-03 23:48:23 INFO  Log:8 - ======================================================================================================
2019-06-03 23:48:23 INFO  Log:8 - ================================= END TO END TEST STARTED ============================================
2019-06-03 23:48:23 INFO  Log:8 - ======================================================================================================
2019-06-03 23:48:23 INFO  MonteRecorder:39 - Recording started
I am in onTestStart method TC09_home_navigation start
2019-06-03 23:48:23 INFO  Log:8 - TC09_home_navigation test is starting.
I am in onTestStart method TC09_home_navigation start
2019-06-03 23:48:23 INFO  Log:8 - TC09_home_navigation test is starting.
2019-06-03 23:48:28 INFO  MonteRecorder:45 - Recording finished to C:\Users\User\Documents\GitHub\OrangeHRMTestNGAllure\video\TC09_home_navigation_recording_2019_03_06_23_48_28.avi
2019-06-03 23:48:28 INFO  RecordingUtils:81 - No jenkinsUrl variable found.
2019-06-03 23:48:28 INFO  RecordingUtils:26 - Video recording: C:\Users\User\Documents\GitHub\OrangeHRMTestNGAllure\video\TC09_home_navigation_recording_2019_03_06_23_48_28.avi
I am in onTestFailure method TC09_home_navigation failed
Screenshot captured for test case:TC09_home_navigation
Video captured for test case:TC09_home_navigation
]]></system-out>
    <system-err><![CDATA[Starting ChromeDriver 2.38.551601 (edb21f07fc70e9027c746edd3201443e011a61ed) on port 30884
Only local connections are allowed.
Jun 03, 2019 11:48:23 PM org.openqa.selenium.remote.ProtocolHandshake createSession
INFO: Detected dialect: OSS
]]></system-err>
  </testcase>
  <testcase name="TC10_home_navigation" classname="features.HomePageNavigationTest" time="42.524">
    <failure message="&#10;Expected: a string containing &quot;http://127.0.0.1/orangehrm-4.0/symfony/web/index.php/admin/viewSystemUsers&quot;&#10;     but: was &quot;http://127.0.0.1/orangehrm-4.0/symfony/web/index.php/directory/viewDirectory/reset/1&quot;" type="java.lang.AssertionError">java.lang.AssertionError: 

Expected: a string containing "http://127.0.0.1/orangehrm-4.0/symfony/web/index.php/admin/viewSystemUsers"
     but: was "http://127.0.0.1/orangehrm-4.0/symfony/web/index.php/directory/viewDirectory/reset/1"
	at features.HomePageNavigationTest.TC10_home_navigation(HomePageNavigationTest.java:110)
</failure>
    <system-out><![CDATA[I am in onTestFailure method TC09_home_navigation failed
Screenshot captured for test case:TC09_home_navigation
Video captured for test case:TC09_home_navigation
2019-06-03 23:48:29 INFO  Log:8 - ======================================================================================================
2019-06-03 23:48:29 INFO  Log:8 - ================================= END TO END TEST FINISHED ============================================
2019-06-03 23:48:29 INFO  Log:8 - ======================================================================================================
2019-06-03 23:48:32 INFO  Log:8 - ======================================================================================================
2019-06-03 23:48:32 INFO  Log:8 - ================================= END TO END TEST STARTED ============================================
2019-06-03 23:48:32 INFO  Log:8 - ======================================================================================================
2019-06-03 23:48:32 INFO  MonteRecorder:39 - Recording started
I am in onTestStart method TC10_home_navigation start
2019-06-03 23:48:32 INFO  Log:8 - TC10_home_navigation test is starting.
I am in onTestStart method TC10_home_navigation start
2019-06-03 23:48:32 INFO  Log:8 - TC10_home_navigation test is starting.
2019-06-03 23:49:14 INFO  MonteRecorder:45 - Recording finished to C:\Users\User\Documents\GitHub\OrangeHRMTestNGAllure\video\TC10_home_navigation_recording_2019_03_06_23_49_14.avi
2019-06-03 23:49:14 INFO  RecordingUtils:81 - No jenkinsUrl variable found.
2019-06-03 23:49:14 INFO  RecordingUtils:26 - Video recording: C:\Users\User\Documents\GitHub\OrangeHRMTestNGAllure\video\TC10_home_navigation_recording_2019_03_06_23_49_14.avi
I am in onTestFailure method TC10_home_navigation failed
Screenshot captured for test case:TC10_home_navigation
Video captured for test case:TC10_home_navigation
]]></system-out>
    <system-err><![CDATA[Starting ChromeDriver 2.38.551601 (edb21f07fc70e9027c746edd3201443e011a61ed) on port 2480
Only local connections are allowed.
Jun 03, 2019 11:48:32 PM org.openqa.selenium.remote.ProtocolHandshake createSession
INFO: Detected dialect: OSS
]]></system-err>
  </testcase>
  <testcase name="TC04_login" classname="features.LoginORMTest" time="4.176">
    <failure message="&#10;Expected: a string containing &quot;http://127.0.0.1/orangehrm-4.0/symfony/web/index.php/dashboard&quot;&#10;     but: was &quot;http://127.0.0.1/orangehrm-4.0/symfony/web/index.php/auth/validateCredentials&quot;" type="java.lang.AssertionError">java.lang.AssertionError: 

Expected: a string containing "http://127.0.0.1/orangehrm-4.0/symfony/web/index.php/dashboard"
     but: was "http://127.0.0.1/orangehrm-4.0/symfony/web/index.php/auth/validateCredentials"
	at features.LoginORMTest.TC04_login(LoginORMTest.java:57)
</failure>
    <system-out><![CDATA[I am in onTestFailure method TC10_home_navigation failed
Screenshot captured for test case:TC10_home_navigation
Video captured for test case:TC10_home_navigation
2019-06-03 23:49:15 INFO  Log:8 - ======================================================================================================
2019-06-03 23:49:15 INFO  Log:8 - ================================= END TO END TEST FINISHED ============================================
2019-06-03 23:49:15 INFO  Log:8 - ======================================================================================================
2019-06-03 23:49:17 INFO  Log:8 - ======================================================================================================
2019-06-03 23:49:17 INFO  Log:8 - ================================= END TO END TEST STARTED ============================================
2019-06-03 23:49:17 INFO  Log:8 - ======================================================================================================
2019-06-03 23:49:17 INFO  MonteRecorder:39 - Recording started
I am in onTestStart method TC04_login start
2019-06-03 23:49:17 INFO  Log:8 - TC04_login test is starting.
I am in onTestStart method TC04_login start
2019-06-03 23:49:17 INFO  Log:8 - TC04_login test is starting.
2019-06-03 23:49:21 INFO  MonteRecorder:45 - Recording finished to C:\Users\User\Documents\GitHub\OrangeHRMTestNGAllure\video\TC04_login_recording_2019_03_06_23_49_21.avi
2019-06-03 23:49:21 INFO  RecordingUtils:81 - No jenkinsUrl variable found.
2019-06-03 23:49:21 INFO  RecordingUtils:26 - Video recording: C:\Users\User\Documents\GitHub\OrangeHRMTestNGAllure\video\TC04_login_recording_2019_03_06_23_49_21.avi
I am in onTestFailure method TC04_login failed
Screenshot captured for test case:TC04_login
Video captured for test case:TC04_login
]]></system-out>
    <system-err><![CDATA[Starting ChromeDriver 2.38.551601 (edb21f07fc70e9027c746edd3201443e011a61ed) on port 28178
Only local connections are allowed.
Jun 03, 2019 11:49:17 PM org.openqa.selenium.remote.ProtocolHandshake createSession
INFO: Detected dialect: OSS
]]></system-err>
  </testcase>
  <testcase name="TC01_inquiry" classname="features.InquiryUserOHRMTest" time="7.02">
    <failure message="no such element: Unable to locate element: {&quot;method&quot;:&quot;id&quot;,&quot;selector&quot;:&quot;resultTable&quot;}&#10;  (Session info: chrome=74.0.3729.169)&#10;  (Driver info: chromedriver=2.38.551601 (edb21f07fc70e9027c746edd3201443e011a61ed),platform=Windows NT 10.0.17134 x86_64) (WARNING: The server did not provide any stacktrace information)&#10;Command duration or timeout: 0 milliseconds&#10;For documentation on this error, please visit: https://www.seleniumhq.org/exceptions/no_such_element.html&#10;Build info: version: &apos;3.141.59&apos;, revision: &apos;e82be7d358&apos;, time: &apos;2018-11-14T08:17:03&apos;&#10;System info: host: &apos;DESKTOP-1DCFOTD&apos;, ip: &apos;192.168.99.1&apos;, os.name: &apos;Windows 10&apos;, os.arch: &apos;amd64&apos;, os.version: &apos;10.0&apos;, java.version: &apos;1.8.0_161&apos;&#10;Driver info: org.openqa.selenium.chrome.ChromeDriver&#10;Capabilities {acceptInsecureCerts: false, acceptSslCerts: false, applicationCacheEnabled: false, browserConnectionEnabled: false, browserName: chrome, chrome: {chromedriverVersion: 2.38.551601 (edb21f07fc70e9..., userDataDir: C:\Users\User\AppData\Local...}, cssSelectorsEnabled: true, databaseEnabled: false, handlesAlerts: true, hasTouchScreen: false, javascriptEnabled: true, locationContextEnabled: true, mobileEmulationEnabled: false, nativeEvents: true, networkConnectionEnabled: false, pageLoadStrategy: normal, platform: XP, platformName: XP, rotatable: false, setWindowRect: true, takesHeapSnapshot: true, takesScreenshot: true, unexpectedAlertBehaviour: , unhandledPromptBehavior: , version: 74.0.3729.169, webStorageEnabled: true}&#10;Session ID: 44fa57034468defbef10b29e69f08f34&#10;*** Element info: {Using=id, value=resultTable}" type="org.openqa.selenium.NoSuchElementException">org.openqa.selenium.NoSuchElementException: 
no such element: Unable to locate element: {"method":"id","selector":"resultTable"}
  (Session info: chrome=74.0.3729.169)
  (Driver info: chromedriver=2.38.551601 (edb21f07fc70e9027c746edd3201443e011a61ed),platform=Windows NT 10.0.17134 x86_64) (WARNING: The server did not provide any stacktrace information)
Command duration or timeout: 0 milliseconds
For documentation on this error, please visit: https://www.seleniumhq.org/exceptions/no_such_element.html
Build info: version: '3.141.59', revision: 'e82be7d358', time: '2018-11-14T08:17:03'
System info: host: 'DESKTOP-1DCFOTD', ip: '192.168.99.1', os.name: 'Windows 10', os.arch: 'amd64', os.version: '10.0', java.version: '1.8.0_161'
Driver info: org.openqa.selenium.chrome.ChromeDriver
Capabilities {acceptInsecureCerts: false, acceptSslCerts: false, applicationCacheEnabled: false, browserConnectionEnabled: false, browserName: chrome, chrome: {chromedriverVersion: 2.38.551601 (edb21f07fc70e9..., userDataDir: C:\Users\User\AppData\Local...}, cssSelectorsEnabled: true, databaseEnabled: false, handlesAlerts: true, hasTouchScreen: false, javascriptEnabled: true, locationContextEnabled: true, mobileEmulationEnabled: false, nativeEvents: true, networkConnectionEnabled: false, pageLoadStrategy: normal, platform: XP, platformName: XP, rotatable: false, setWindowRect: true, takesHeapSnapshot: true, takesScreenshot: true, unexpectedAlertBehaviour: , unhandledPromptBehavior: , version: 74.0.3729.169, webStorageEnabled: true}
Session ID: 44fa57034468defbef10b29e69f08f34
*** Element info: {Using=id, value=resultTable}
	at features.InquiryUserOHRMTest.TC01_inquiry(InquiryUserOHRMTest.java:20)
</failure>
    <system-out><![CDATA[I am in onTestFailure method TC04_login failed
Screenshot captured for test case:TC04_login
Video captured for test case:TC04_login
2019-06-03 23:49:23 INFO  Log:8 - ======================================================================================================
2019-06-03 23:49:23 INFO  Log:8 - ================================= END TO END TEST FINISHED ============================================
2019-06-03 23:49:23 INFO  Log:8 - ======================================================================================================
2019-06-03 23:49:25 INFO  Log:8 - ======================================================================================================
2019-06-03 23:49:25 INFO  Log:8 - ================================= END TO END TEST STARTED ============================================
2019-06-03 23:49:25 INFO  Log:8 - ======================================================================================================
2019-06-03 23:49:25 INFO  MonteRecorder:39 - Recording started
I am in onTestStart method TC01_inquiry start
2019-06-03 23:49:25 INFO  Log:8 - TC01_inquiry test is starting.
I am in onTestStart method TC01_inquiry start
2019-06-03 23:49:25 INFO  Log:8 - TC01_inquiry test is starting.
2019-06-03 23:49:31 INFO  MonteRecorder:45 - Recording finished to C:\Users\User\Documents\GitHub\OrangeHRMTestNGAllure\video\TC01_inquiry_recording_2019_03_06_23_49_31.avi
2019-06-03 23:49:31 INFO  RecordingUtils:81 - No jenkinsUrl variable found.
2019-06-03 23:49:31 INFO  RecordingUtils:26 - Video recording: C:\Users\User\Documents\GitHub\OrangeHRMTestNGAllure\video\TC01_inquiry_recording_2019_03_06_23_49_31.avi
I am in onTestFailure method TC01_inquiry failed
Screenshot captured for test case:TC01_inquiry
Video captured for test case:TC01_inquiry
]]></system-out>
    <system-err><![CDATA[Starting ChromeDriver 2.38.551601 (edb21f07fc70e9027c746edd3201443e011a61ed) on port 27051
Only local connections are allowed.
Jun 03, 2019 11:49:25 PM org.openqa.selenium.remote.ProtocolHandshake createSession
INFO: Detected dialect: OSS
]]></system-err>
  </testcase>
</testsuite>