{
  "uid" : "86729c8cfdb441ec",
  "name" : "Login with correct username and correct password",
  "fullName" : "features.loginORMTest.TC04_login",
  "historyId" : "898afaa4c0d7cae80634a7259bbebd62",
  "time" : {
    "start" : 1559081087577,
    "stop" : 1559081091561,
    "duration" : 3984
  },
  "description" : "Test Description: Login test with correct username and correct password.",
  "descriptionHtml" : "<p>Test Description: Login test with correct username and correct password.</p>\n",
  "status" : "failed",
  "statusMessage" : "\nExpected: a string containing \"http://127.0.0.1/orangehrm-4.0/symfony/web/index.php/dashboard\"\n     but: was \"http://127.0.0.1/orangehrm-4.0/symfony/web/index.php/auth/validateCredentials\"",
  "statusTrace" : "java.lang.AssertionError: \nExpected: a string containing \"http://127.0.0.1/orangehrm-4.0/symfony/web/index.php/dashboard\"\n     but: was \"http://127.0.0.1/orangehrm-4.0/symfony/web/index.php/auth/validateCredentials\"\r\n\tat org.hamcrest.MatcherAssert.assertThat(MatcherAssert.java:20)\r\n\tat org.hamcrest.MatcherAssert.assertThat(MatcherAssert.java:8)\r\n\tat pages.login.LoginPage.landingToDashboardPage(LoginPage.java:56)\r\n\tat features.loginORMTest.TC04_login(loginORMTest.java:49)\r\n\tat sun.reflect.NativeMethodAccessorImpl.invoke0(Native Method)\r\n\tat sun.reflect.NativeMethodAccessorImpl.invoke(NativeMethodAccessorImpl.java:62)\r\n\tat sun.reflect.DelegatingMethodAccessorImpl.invoke(DelegatingMethodAccessorImpl.java:43)\r\n\tat java.lang.reflect.Method.invoke(Method.java:498)\r\n\tat org.testng.internal.MethodInvocationHelper.invokeMethod(MethodInvocationHelper.java:124)\r\n\tat org.testng.internal.Invoker.invokeMethod(Invoker.java:583)\r\n\tat org.testng.internal.Invoker.retryFailed(Invoker.java:839)\r\n\tat org.testng.internal.Invoker.invokeTestMethods(Invoker.java:1010)\r\n\tat org.testng.internal.TestMethodWorker.invokeTestMethods(TestMethodWorker.java:125)\r\n\tat org.testng.internal.TestMethodWorker.run(TestMethodWorker.java:109)\r\n\tat org.testng.TestRunner.privateRun(TestRunner.java:648)\r\n\tat org.testng.TestRunner.run(TestRunner.java:505)\r\n\tat org.testng.SuiteRunner.runTest(SuiteRunner.java:455)\r\n\tat org.testng.SuiteRunner.runSequentially(SuiteRunner.java:450)\r\n\tat org.testng.SuiteRunner.privateRun(SuiteRunner.java:415)\r\n\tat org.testng.SuiteRunner.run(SuiteRunner.java:364)\r\n\tat org.testng.SuiteRunnerWorker.runSuite(SuiteRunnerWorker.java:52)\r\n\tat org.testng.SuiteRunnerWorker.run(SuiteRunnerWorker.java:84)\r\n\tat org.testng.TestNG.runSuitesSequentially(TestNG.java:1208)\r\n\tat org.testng.TestNG.runSuitesLocally(TestNG.java:1137)\r\n\tat org.testng.TestNG.runSuites(TestNG.java:1049)\r\n\tat org.testng.TestNG.run(TestNG.java:1017)\r\n\tat org.apache.maven.surefire.testng.TestNGExecutor.run(TestNGExecutor.java:283)\r\n\tat org.apache.maven.surefire.testng.TestNGXmlTestSuite.execute(TestNGXmlTestSuite.java:75)\r\n\tat org.apache.maven.surefire.testng.TestNGProvider.invoke(TestNGProvider.java:120)\r\n\tat org.apache.maven.surefire.booter.ForkedBooter.invokeProviderInSameClassLoader(ForkedBooter.java:386)\r\n\tat org.apache.maven.surefire.booter.ForkedBooter.runSuitesInProcess(ForkedBooter.java:323)\r\n\tat org.apache.maven.surefire.booter.ForkedBooter.main(ForkedBooter.java:143)\r\n",
  "flaky" : false,
  "newFailed" : false,
  "beforeStages" : [ {
    "name" : "beforeMethodSetup",
    "time" : {
      "start" : 1559081085506,
      "stop" : 1559081087567,
      "duration" : 2061
    },
    "description" : "",
    "status" : "passed",
    "steps" : [ ],
    "attachments" : [ ],
    "parameters" : [ ],
    "hasContent" : false,
    "stepsCount" : 0,
    "shouldDisplayMessage" : false,
    "attachmentsCount" : 0
  } ],
  "testStage" : {
    "description" : "Test Description: Login test with correct username and correct password.",
    "status" : "failed",
    "statusMessage" : "\nExpected: a string containing \"http://127.0.0.1/orangehrm-4.0/symfony/web/index.php/dashboard\"\n     but: was \"http://127.0.0.1/orangehrm-4.0/symfony/web/index.php/auth/validateCredentials\"",
    "statusTrace" : "java.lang.AssertionError: \nExpected: a string containing \"http://127.0.0.1/orangehrm-4.0/symfony/web/index.php/dashboard\"\n     but: was \"http://127.0.0.1/orangehrm-4.0/symfony/web/index.php/auth/validateCredentials\"\r\n\tat org.hamcrest.MatcherAssert.assertThat(MatcherAssert.java:20)\r\n\tat org.hamcrest.MatcherAssert.assertThat(MatcherAssert.java:8)\r\n\tat pages.login.LoginPage.landingToDashboardPage(LoginPage.java:56)\r\n\tat features.loginORMTest.TC04_login(loginORMTest.java:49)\r\n\tat sun.reflect.NativeMethodAccessorImpl.invoke0(Native Method)\r\n\tat sun.reflect.NativeMethodAccessorImpl.invoke(NativeMethodAccessorImpl.java:62)\r\n\tat sun.reflect.DelegatingMethodAccessorImpl.invoke(DelegatingMethodAccessorImpl.java:43)\r\n\tat java.lang.reflect.Method.invoke(Method.java:498)\r\n\tat org.testng.internal.MethodInvocationHelper.invokeMethod(MethodInvocationHelper.java:124)\r\n\tat org.testng.internal.Invoker.invokeMethod(Invoker.java:583)\r\n\tat org.testng.internal.Invoker.retryFailed(Invoker.java:839)\r\n\tat org.testng.internal.Invoker.invokeTestMethods(Invoker.java:1010)\r\n\tat org.testng.internal.TestMethodWorker.invokeTestMethods(TestMethodWorker.java:125)\r\n\tat org.testng.internal.TestMethodWorker.run(TestMethodWorker.java:109)\r\n\tat org.testng.TestRunner.privateRun(TestRunner.java:648)\r\n\tat org.testng.TestRunner.run(TestRunner.java:505)\r\n\tat org.testng.SuiteRunner.runTest(SuiteRunner.java:455)\r\n\tat org.testng.SuiteRunner.runSequentially(SuiteRunner.java:450)\r\n\tat org.testng.SuiteRunner.privateRun(SuiteRunner.java:415)\r\n\tat org.testng.SuiteRunner.run(SuiteRunner.java:364)\r\n\tat org.testng.SuiteRunnerWorker.runSuite(SuiteRunnerWorker.java:52)\r\n\tat org.testng.SuiteRunnerWorker.run(SuiteRunnerWorker.java:84)\r\n\tat org.testng.TestNG.runSuitesSequentially(TestNG.java:1208)\r\n\tat org.testng.TestNG.runSuitesLocally(TestNG.java:1137)\r\n\tat org.testng.TestNG.runSuites(TestNG.java:1049)\r\n\tat org.testng.TestNG.run(TestNG.java:1017)\r\n\tat org.apache.maven.surefire.testng.TestNGExecutor.run(TestNGExecutor.java:283)\r\n\tat org.apache.maven.surefire.testng.TestNGXmlTestSuite.execute(TestNGXmlTestSuite.java:75)\r\n\tat org.apache.maven.surefire.testng.TestNGProvider.invoke(TestNGProvider.java:120)\r\n\tat org.apache.maven.surefire.booter.ForkedBooter.invokeProviderInSameClassLoader(ForkedBooter.java:386)\r\n\tat org.apache.maven.surefire.booter.ForkedBooter.runSuitesInProcess(ForkedBooter.java:323)\r\n\tat org.apache.maven.surefire.booter.ForkedBooter.main(ForkedBooter.java:143)\r\n",
    "steps" : [ {
      "name" : "Given - User is landing to expected page - Login",
      "time" : {
        "start" : 1559081087578,
        "stop" : 1559081089106,
        "duration" : 1528
      },
      "status" : "passed",
      "steps" : [ ],
      "attachments" : [ ],
      "parameters" : [ {
        "name" : "page",
        "value" : "Login"
      } ],
      "hasContent" : true,
      "stepsCount" : 0,
      "shouldDisplayMessage" : false,
      "attachmentsCount" : 0
    }, {
      "name" : "When - User inputs user name",
      "time" : {
        "start" : 1559081089106,
        "stop" : 1559081089168,
        "duration" : 62
      },
      "status" : "passed",
      "steps" : [ ],
      "attachments" : [ ],
      "parameters" : [ {
        "name" : "login",
        "value" : "admin"
      } ],
      "hasContent" : true,
      "stepsCount" : 0,
      "shouldDisplayMessage" : false,
      "attachmentsCount" : 0
    }, {
      "name" : "And - User inputs password",
      "time" : {
        "start" : 1559081089168,
        "stop" : 1559081089243,
        "duration" : 75
      },
      "status" : "passed",
      "steps" : [ ],
      "attachments" : [ ],
      "parameters" : [ {
        "name" : "pswd",
        "value" : "wrong password"
      } ],
      "hasContent" : true,
      "stepsCount" : 0,
      "shouldDisplayMessage" : false,
      "attachmentsCount" : 0
    }, {
      "name" : "And - User submits login form",
      "time" : {
        "start" : 1559081089243,
        "stop" : 1559081089892,
        "duration" : 649
      },
      "status" : "passed",
      "steps" : [ ],
      "attachments" : [ ],
      "parameters" : [ ],
      "hasContent" : false,
      "stepsCount" : 0,
      "shouldDisplayMessage" : false,
      "attachmentsCount" : 0
    }, {
      "name" : "Then - User is landing to dashboard page successfully",
      "time" : {
        "start" : 1559081089893,
        "stop" : 1559081089900,
        "duration" : 7
      },
      "status" : "failed",
      "statusMessage" : "\nExpected: a string containing \"http://127.0.0.1/orangehrm-4.0/symfony/web/index.php/dashboard\"\n     but: was \"http://127.0.0.1/orangehrm-4.0/symfony/web/index.php/auth/validateCredentials\"",
      "statusTrace" : "java.lang.AssertionError: \nExpected: a string containing \"http://127.0.0.1/orangehrm-4.0/symfony/web/index.php/dashboard\"\n     but: was \"http://127.0.0.1/orangehrm-4.0/symfony/web/index.php/auth/validateCredentials\"\r\n\tat org.hamcrest.MatcherAssert.assertThat(MatcherAssert.java:20)\r\n\tat org.hamcrest.MatcherAssert.assertThat(MatcherAssert.java:8)\r\n\tat pages.login.LoginPage.landingToDashboardPage(LoginPage.java:56)\r\n\tat features.loginORMTest.TC04_login(loginORMTest.java:49)\r\n\tat sun.reflect.NativeMethodAccessorImpl.invoke0(Native Method)\r\n\tat sun.reflect.NativeMethodAccessorImpl.invoke(NativeMethodAccessorImpl.java:62)\r\n\tat sun.reflect.DelegatingMethodAccessorImpl.invoke(DelegatingMethodAccessorImpl.java:43)\r\n\tat java.lang.reflect.Method.invoke(Method.java:498)\r\n\tat org.testng.internal.MethodInvocationHelper.invokeMethod(MethodInvocationHelper.java:124)\r\n\tat org.testng.internal.Invoker.invokeMethod(Invoker.java:583)\r\n\tat org.testng.internal.Invoker.retryFailed(Invoker.java:839)\r\n\tat org.testng.internal.Invoker.invokeTestMethods(Invoker.java:1010)\r\n\tat org.testng.internal.TestMethodWorker.invokeTestMethods(TestMethodWorker.java:125)\r\n\tat org.testng.internal.TestMethodWorker.run(TestMethodWorker.java:109)\r\n\tat org.testng.TestRunner.privateRun(TestRunner.java:648)\r\n\tat org.testng.TestRunner.run(TestRunner.java:505)\r\n\tat org.testng.SuiteRunner.runTest(SuiteRunner.java:455)\r\n\tat org.testng.SuiteRunner.runSequentially(SuiteRunner.java:450)\r\n\tat org.testng.SuiteRunner.privateRun(SuiteRunner.java:415)\r\n\tat org.testng.SuiteRunner.run(SuiteRunner.java:364)\r\n\tat org.testng.SuiteRunnerWorker.runSuite(SuiteRunnerWorker.java:52)\r\n\tat org.testng.SuiteRunnerWorker.run(SuiteRunnerWorker.java:84)\r\n\tat org.testng.TestNG.runSuitesSequentially(TestNG.java:1208)\r\n\tat org.testng.TestNG.runSuitesLocally(TestNG.java:1137)\r\n\tat org.testng.TestNG.runSuites(TestNG.java:1049)\r\n\tat org.testng.TestNG.run(TestNG.java:1017)\r\n\tat org.apache.maven.surefire.testng.TestNGExecutor.run(TestNGExecutor.java:283)\r\n\tat org.apache.maven.surefire.testng.TestNGXmlTestSuite.execute(TestNGXmlTestSuite.java:75)\r\n\tat org.apache.maven.surefire.testng.TestNGProvider.invoke(TestNGProvider.java:120)\r\n\tat org.apache.maven.surefire.booter.ForkedBooter.invokeProviderInSameClassLoader(ForkedBooter.java:386)\r\n\tat org.apache.maven.surefire.booter.ForkedBooter.runSuitesInProcess(ForkedBooter.java:323)\r\n\tat org.apache.maven.surefire.booter.ForkedBooter.main(ForkedBooter.java:143)\r\n",
      "steps" : [ ],
      "attachments" : [ ],
      "parameters" : [ ],
      "hasContent" : true,
      "stepsCount" : 0,
      "shouldDisplayMessage" : true,
      "attachmentsCount" : 0
    } ],
    "attachments" : [ {
      "uid" : "68b64189170c3b0",
      "name" : "Page screenshot",
      "source" : "68b64189170c3b0.png",
      "type" : "image/png",
      "size" : 156853
    }, {
      "uid" : "baf7d99fa3ea9152",
      "name" : "TC04_login failed and screenshot taken!",
      "source" : "baf7d99fa3ea9152.txt",
      "type" : "text/plain",
      "size" : 39
    }, {
      "uid" : "8466075c3820d7df",
      "name" : "Page screenshot",
      "source" : "8466075c3820d7df.png",
      "type" : "image/png",
      "size" : 156853
    }, {
      "uid" : "20188600b1960632",
      "name" : "TC04_login failed and screenshot taken!",
      "source" : "20188600b1960632.txt",
      "type" : "text/plain",
      "size" : 39
    } ],
    "parameters" : [ ],
    "hasContent" : true,
    "stepsCount" : 5,
    "shouldDisplayMessage" : false,
    "attachmentsCount" : 4
  },
  "afterStages" : [ {
    "name" : "closeBrowser",
    "time" : {
      "start" : 1559081091570,
      "stop" : 1559081092250,
      "duration" : 680
    },
    "description" : "",
    "status" : "passed",
    "steps" : [ ],
    "attachments" : [ ],
    "parameters" : [ ],
    "hasContent" : false,
    "stepsCount" : 0,
    "shouldDisplayMessage" : false,
    "attachmentsCount" : 0
  } ],
  "labels" : [ {
    "name" : "package",
    "value" : "features.loginORMTest"
  }, {
    "name" : "testClass",
    "value" : "features.loginORMTest"
  }, {
    "name" : "testMethod",
    "value" : "TC04_login"
  }, {
    "name" : "parentSuite",
    "value" : "OrangeHRM Test Suite"
  }, {
    "name" : "suite",
    "value" : "Full Test"
  }, {
    "name" : "subSuite",
    "value" : "features.loginORMTest"
  }, {
    "name" : "host",
    "value" : "DESKTOP-1DCFOTD"
  }, {
    "name" : "thread",
    "value" : "13552@DESKTOP-1DCFOTD.main(1)"
  }, {
    "name" : "framework",
    "value" : "testng"
  }, {
    "name" : "language",
    "value" : "java"
  }, {
    "name" : "story",
    "value" : "username and password login test"
  }, {
    "name" : "epic",
    "value" : "Regression Tests"
  }, {
    "name" : "feature",
    "value" : "Login To Orange HRM Portal"
  }, {
    "name" : "severity",
    "value" : "blocker"
  }, {
    "name" : "resultFormat",
    "value" : "allure2"
  } ],
  "parameters" : [ ],
  "links" : [ ],
  "hidden" : false,
  "retry" : false,
  "extra" : {
    "severity" : "blocker",
    "retries" : [ {
      "uid" : "9c9ce1315c347d2f",
      "status" : "skipped",
      "statusDetails" : "\nExpected: a string containing \"http://127.0.0.1/orangehrm-4.0/symfony/web/index.php/dashboard\"\n     but: was \"http://127.0.0.1/orangehrm-4.0/symfony/web/index.php/auth/validateCredentials\"",
      "time" : {
        "start" : 1559081081876,
        "stop" : 1559081084759,
        "duration" : 2883
      }
    }, {
      "uid" : "cc1aae1d6a905408",
      "status" : "failed",
      "statusDetails" : "\nExpected: a string containing \"http://127.0.0.1/orangehrm-4.0/symfony/web/index.php/dashboard\"\n     but: was \"http://127.0.0.1/orangehrm-4.0/symfony/web/index.php/auth/validateCredentials\"",
      "time" : {
        "start" : 1559066668683,
        "stop" : 1559066672452,
        "duration" : 3769
      }
    }, {
      "uid" : "4ce77a02692dbe1b",
      "status" : "skipped",
      "statusDetails" : "\nExpected: a string containing \"http://127.0.0.1/orangehrm-4.0/symfony/web/index.php/dashboard\"\n     but: was \"http://127.0.0.1/orangehrm-4.0/symfony/web/index.php/auth/validateCredentials\"",
      "time" : {
        "start" : 1559066663382,
        "stop" : 1559066665897,
        "duration" : 2515
      }
    }, {
      "uid" : "c0520d13d1b89984",
      "status" : "failed",
      "statusDetails" : "\nExpected: a string containing \"http://127.0.0.1/orangehrm-4.0/symfony/web/index.php/dashboard\"\n     but: was \"http://127.0.0.1/orangehrm-4.0/symfony/web/index.php/auth/validateCredentials\"",
      "time" : {
        "start" : 1559066384647,
        "stop" : 1559066387531,
        "duration" : 2884
      }
    }, {
      "uid" : "e141ae5ad979a61c",
      "status" : "skipped",
      "statusDetails" : "\nExpected: a string containing \"http://127.0.0.1/orangehrm-4.0/symfony/web/index.php/dashboard\"\n     but: was \"http://127.0.0.1/orangehrm-4.0/symfony/web/index.php/auth/validateCredentials\"",
      "time" : {
        "start" : 1559066379330,
        "stop" : 1559066381905,
        "duration" : 2575
      }
    }, {
      "uid" : "3368ca9db3b9f56f",
      "status" : "failed",
      "statusDetails" : "\nExpected: a string containing \"http://127.0.0.1/orangehrm-4.0/symfony/web/index.php/dashboard\"\n     but: was \"http://127.0.0.1/orangehrm-4.0/symfony/web/index.php/auth/validateCredentials\"",
      "time" : {
        "start" : 1559066106963,
        "stop" : 1559066110737,
        "duration" : 3774
      }
    }, {
      "uid" : "e5a7b0dd354d12f6",
      "status" : "skipped",
      "statusDetails" : "\nExpected: a string containing \"http://127.0.0.1/orangehrm-4.0/symfony/web/index.php/dashboard\"\n     but: was \"http://127.0.0.1/orangehrm-4.0/symfony/web/index.php/auth/validateCredentials\"",
      "time" : {
        "start" : 1559066101440,
        "stop" : 1559066104244,
        "duration" : 2804
      }
    }, {
      "uid" : "397830036d0775ad",
      "status" : "failed",
      "statusDetails" : "\nExpected: a string containing \"http://127.0.0.1/orangehrm-4.0/symfony/web/index.php/dashboard\"\n     but: was \"http://127.0.0.1/orangehrm-4.0/symfony/web/index.php/auth/validateCredentials\"",
      "time" : {
        "start" : 1559065737928,
        "stop" : 1559065741591,
        "duration" : 3663
      }
    }, {
      "uid" : "a84c80c235786d0d",
      "status" : "skipped",
      "statusDetails" : "\nExpected: a string containing \"http://127.0.0.1/orangehrm-4.0/symfony/web/index.php/dashboard\"\n     but: was \"http://127.0.0.1/orangehrm-4.0/symfony/web/index.php/auth/validateCredentials\"",
      "time" : {
        "start" : 1559065732447,
        "stop" : 1559065735157,
        "duration" : 2710
      }
    }, {
      "uid" : "655465c7fa3122b4",
      "status" : "failed",
      "statusDetails" : "\nExpected: a string containing \"http://127.0.0.1/orangehrm-4.0/symfony/web/index.php/dashboard\"\n     but: was \"http://127.0.0.1/orangehrm-4.0/symfony/web/index.php/auth/validateCredentials\"",
      "time" : {
        "start" : 1559064654822,
        "stop" : 1559064658542,
        "duration" : 3720
      }
    }, {
      "uid" : "76a2e2870569c200",
      "status" : "skipped",
      "statusDetails" : "\nExpected: a string containing \"http://127.0.0.1/orangehrm-4.0/symfony/web/index.php/dashboard\"\n     but: was \"http://127.0.0.1/orangehrm-4.0/symfony/web/index.php/auth/validateCredentials\"",
      "time" : {
        "start" : 1559064649438,
        "stop" : 1559064652044,
        "duration" : 2606
      }
    }, {
      "uid" : "87598722c899dde5",
      "status" : "failed",
      "statusDetails" : "\nExpected: a string containing \"http://127.0.0.1/orangehrm-4.0/symfony/web/index.php/dashboard\"\n     but: was \"http://127.0.0.1/orangehrm-4.0/symfony/web/index.php/auth/validateCredentials\"",
      "time" : {
        "start" : 1559063496274,
        "stop" : 1559063500046,
        "duration" : 3772
      }
    }, {
      "uid" : "1f7bf57491757add",
      "status" : "skipped",
      "statusDetails" : "\nExpected: a string containing \"http://127.0.0.1/orangehrm-4.0/symfony/web/index.php/dashboard\"\n     but: was \"http://127.0.0.1/orangehrm-4.0/symfony/web/index.php/auth/validateCredentials\"",
      "time" : {
        "start" : 1559063490948,
        "stop" : 1559063493500,
        "duration" : 2552
      }
    }, {
      "uid" : "74653aa53fab811b",
      "status" : "failed",
      "statusDetails" : "\nExpected: a string containing \"http://127.0.0.1/orangehrm-4.0/symfony/web/index.php/dashboard\"\n     but: was \"http://127.0.0.1/orangehrm-4.0/symfony/web/index.php/auth/validateCredentials\"",
      "time" : {
        "start" : 1559062890472,
        "stop" : 1559062894371,
        "duration" : 3899
      }
    }, {
      "uid" : "50a6b7b96884d035",
      "status" : "skipped",
      "statusDetails" : "\nExpected: a string containing \"http://127.0.0.1/orangehrm-4.0/symfony/web/index.php/dashboard\"\n     but: was \"http://127.0.0.1/orangehrm-4.0/symfony/web/index.php/auth/validateCredentials\"",
      "time" : {
        "start" : 1559062885176,
        "stop" : 1559062887718,
        "duration" : 2542
      }
    }, {
      "uid" : "2506d8525f2972ec",
      "status" : "failed",
      "statusDetails" : "\nExpected: a string containing \"http://127.0.0.1/orangehrm-4.0/symfony/web/index.php/dashboard\"\n     but: was \"http://127.0.0.1/orangehrm-4.0/symfony/web/index.php/auth/validateCredentials\"",
      "time" : {
        "start" : 1559062045862,
        "stop" : 1559062049532,
        "duration" : 3670
      }
    }, {
      "uid" : "b17fdf6927107aad",
      "status" : "skipped",
      "statusDetails" : "\nExpected: a string containing \"http://127.0.0.1/orangehrm-4.0/symfony/web/index.php/dashboard\"\n     but: was \"http://127.0.0.1/orangehrm-4.0/symfony/web/index.php/auth/validateCredentials\"",
      "time" : {
        "start" : 1559062040599,
        "stop" : 1559062043101,
        "duration" : 2502
      }
    } ],
    "categories" : [ {
      "name" : "Product defects",
      "matchedStatuses" : [ ],
      "flaky" : false
    } ],
    "tags" : [ ]
  },
  "source" : "86729c8cfdb441ec.json",
  "parameterValues" : [ ]
}