{
  "uid" : "a815f4a7e03680c",
  "name" : "TC09 Able to navigate to About modal",
  "fullName" : "features.HomePageNavigationTest.TC09_home_navigation",
  "historyId" : "11ebd28f82708cee2882440a3cab6d0a",
  "time" : {
    "start" : 1559404342904,
    "stop" : 1559404347036,
    "duration" : 4132
  },
  "status" : "failed",
  "statusMessage" : "\nExpected: a string containing \"Company Name: Okta Jaya Pte Ltd\"\n     but: was \"Company Name:\nVersion: Orangehrm OS 4.0\nActive Employees: 73\nEmployees Terminated: 0\"",
  "statusTrace" : "java.lang.AssertionError: \nExpected: a string containing \"Company Name: Okta Jaya Pte Ltd\"\n     but: was \"Company Name:\nVersion: Orangehrm OS 4.0\nActive Employees: 73\nEmployees Terminated: 0\"\r\n\tat org.hamcrest.MatcherAssert.assertThat(MatcherAssert.java:20)\r\n\tat org.hamcrest.MatcherAssert.assertThat(MatcherAssert.java:8)\r\n\tat pages.HomePage.verifyModalIsDisplayedWithInformativeMessage(HomePage.java:176)\r\n\tat features.HomePageNavigationTest.TC09_home_navigation(HomePageNavigationTest.java:91)\r\n\tat sun.reflect.NativeMethodAccessorImpl.invoke0(Native Method)\r\n\tat sun.reflect.NativeMethodAccessorImpl.invoke(NativeMethodAccessorImpl.java:62)\r\n\tat sun.reflect.DelegatingMethodAccessorImpl.invoke(DelegatingMethodAccessorImpl.java:43)\r\n\tat java.lang.reflect.Method.invoke(Method.java:498)\r\n\tat org.testng.internal.MethodInvocationHelper.invokeMethod(MethodInvocationHelper.java:124)\r\n\tat org.testng.internal.Invoker.invokeMethod(Invoker.java:583)\r\n\tat org.testng.internal.Invoker.invokeTestMethod(Invoker.java:719)\r\n\tat org.testng.internal.Invoker.invokeTestMethods(Invoker.java:989)\r\n\tat org.testng.internal.TestMethodWorker.invokeTestMethods(TestMethodWorker.java:125)\r\n\tat org.testng.internal.TestMethodWorker.run(TestMethodWorker.java:109)\r\n\tat org.testng.TestRunner.privateRun(TestRunner.java:648)\r\n\tat org.testng.TestRunner.run(TestRunner.java:505)\r\n\tat org.testng.SuiteRunner.runTest(SuiteRunner.java:455)\r\n\tat org.testng.SuiteRunner.runSequentially(SuiteRunner.java:450)\r\n\tat org.testng.SuiteRunner.privateRun(SuiteRunner.java:415)\r\n\tat org.testng.SuiteRunner.run(SuiteRunner.java:364)\r\n\tat org.testng.SuiteRunnerWorker.runSuite(SuiteRunnerWorker.java:52)\r\n\tat org.testng.SuiteRunnerWorker.run(SuiteRunnerWorker.java:84)\r\n\tat org.testng.TestNG.runSuitesSequentially(TestNG.java:1208)\r\n\tat org.testng.TestNG.runSuitesLocally(TestNG.java:1137)\r\n\tat org.testng.TestNG.runSuites(TestNG.java:1049)\r\n\tat org.testng.TestNG.run(TestNG.java:1017)\r\n\tat org.apache.maven.surefire.testng.TestNGExecutor.run(TestNGExecutor.java:283)\r\n\tat org.apache.maven.surefire.testng.TestNGXmlTestSuite.execute(TestNGXmlTestSuite.java:75)\r\n\tat org.apache.maven.surefire.testng.TestNGProvider.invoke(TestNGProvider.java:120)\r\n\tat org.apache.maven.surefire.booter.ForkedBooter.invokeProviderInSameClassLoader(ForkedBooter.java:386)\r\n\tat org.apache.maven.surefire.booter.ForkedBooter.runSuitesInProcess(ForkedBooter.java:323)\r\n\tat org.apache.maven.surefire.booter.ForkedBooter.main(ForkedBooter.java:143)\r\n",
  "flaky" : false,
  "newFailed" : false,
  "beforeStages" : [ {
    "name" : "beforeMethodSetup",
    "time" : {
      "start" : 1559404340782,
      "stop" : 1559404342885,
      "duration" : 2103
    },
    "description" : "",
    "status" : "passed",
    "steps" : [ ],
    "attachments" : [ ],
    "parameters" : [ ],
    "attachmentsCount" : 0,
    "shouldDisplayMessage" : false,
    "hasContent" : false,
    "stepsCount" : 0
  } ],
  "testStage" : {
    "status" : "failed",
    "statusMessage" : "\nExpected: a string containing \"Company Name: Okta Jaya Pte Ltd\"\n     but: was \"Company Name:\nVersion: Orangehrm OS 4.0\nActive Employees: 73\nEmployees Terminated: 0\"",
    "statusTrace" : "java.lang.AssertionError: \nExpected: a string containing \"Company Name: Okta Jaya Pte Ltd\"\n     but: was \"Company Name:\nVersion: Orangehrm OS 4.0\nActive Employees: 73\nEmployees Terminated: 0\"\r\n\tat org.hamcrest.MatcherAssert.assertThat(MatcherAssert.java:20)\r\n\tat org.hamcrest.MatcherAssert.assertThat(MatcherAssert.java:8)\r\n\tat pages.HomePage.verifyModalIsDisplayedWithInformativeMessage(HomePage.java:176)\r\n\tat features.HomePageNavigationTest.TC09_home_navigation(HomePageNavigationTest.java:91)\r\n\tat sun.reflect.NativeMethodAccessorImpl.invoke0(Native Method)\r\n\tat sun.reflect.NativeMethodAccessorImpl.invoke(NativeMethodAccessorImpl.java:62)\r\n\tat sun.reflect.DelegatingMethodAccessorImpl.invoke(DelegatingMethodAccessorImpl.java:43)\r\n\tat java.lang.reflect.Method.invoke(Method.java:498)\r\n\tat org.testng.internal.MethodInvocationHelper.invokeMethod(MethodInvocationHelper.java:124)\r\n\tat org.testng.internal.Invoker.invokeMethod(Invoker.java:583)\r\n\tat org.testng.internal.Invoker.invokeTestMethod(Invoker.java:719)\r\n\tat org.testng.internal.Invoker.invokeTestMethods(Invoker.java:989)\r\n\tat org.testng.internal.TestMethodWorker.invokeTestMethods(TestMethodWorker.java:125)\r\n\tat org.testng.internal.TestMethodWorker.run(TestMethodWorker.java:109)\r\n\tat org.testng.TestRunner.privateRun(TestRunner.java:648)\r\n\tat org.testng.TestRunner.run(TestRunner.java:505)\r\n\tat org.testng.SuiteRunner.runTest(SuiteRunner.java:455)\r\n\tat org.testng.SuiteRunner.runSequentially(SuiteRunner.java:450)\r\n\tat org.testng.SuiteRunner.privateRun(SuiteRunner.java:415)\r\n\tat org.testng.SuiteRunner.run(SuiteRunner.java:364)\r\n\tat org.testng.SuiteRunnerWorker.runSuite(SuiteRunnerWorker.java:52)\r\n\tat org.testng.SuiteRunnerWorker.run(SuiteRunnerWorker.java:84)\r\n\tat org.testng.TestNG.runSuitesSequentially(TestNG.java:1208)\r\n\tat org.testng.TestNG.runSuitesLocally(TestNG.java:1137)\r\n\tat org.testng.TestNG.runSuites(TestNG.java:1049)\r\n\tat org.testng.TestNG.run(TestNG.java:1017)\r\n\tat org.apache.maven.surefire.testng.TestNGExecutor.run(TestNGExecutor.java:283)\r\n\tat org.apache.maven.surefire.testng.TestNGXmlTestSuite.execute(TestNGXmlTestSuite.java:75)\r\n\tat org.apache.maven.surefire.testng.TestNGProvider.invoke(TestNGProvider.java:120)\r\n\tat org.apache.maven.surefire.booter.ForkedBooter.invokeProviderInSameClassLoader(ForkedBooter.java:386)\r\n\tat org.apache.maven.surefire.booter.ForkedBooter.runSuitesInProcess(ForkedBooter.java:323)\r\n\tat org.apache.maven.surefire.booter.ForkedBooter.main(ForkedBooter.java:143)\r\n",
    "steps" : [ {
      "name" : "Given - User is landing to expected page - home",
      "time" : {
        "start" : 1559404342904,
        "stop" : 1559404345977,
        "duration" : 3073
      },
      "status" : "passed",
      "steps" : [ {
        "name" : "User logs in to Portal",
        "time" : {
          "start" : 1559404344534,
          "stop" : 1559404345977,
          "duration" : 1443
        },
        "status" : "passed",
        "steps" : [ ],
        "attachments" : [ ],
        "parameters" : [ {
          "name" : "name",
          "value" : "admin"
        }, {
          "name" : "pasword",
          "value" : "admin"
        } ],
        "attachmentsCount" : 0,
        "shouldDisplayMessage" : false,
        "hasContent" : true,
        "stepsCount" : 0
      } ],
      "attachments" : [ ],
      "parameters" : [ {
        "name" : "page",
        "value" : "home"
      } ],
      "attachmentsCount" : 0,
      "shouldDisplayMessage" : false,
      "hasContent" : true,
      "stepsCount" : 1
    }, {
      "name" : "When - User goes to Welcome Admin Module",
      "time" : {
        "start" : 1559404345978,
        "stop" : 1559404346063,
        "duration" : 85
      },
      "status" : "passed",
      "steps" : [ ],
      "attachments" : [ ],
      "parameters" : [ ],
      "attachmentsCount" : 0,
      "shouldDisplayMessage" : false,
      "hasContent" : false,
      "stepsCount" : 0
    }, {
      "name" : "And - User clicks on About link",
      "time" : {
        "start" : 1559404346063,
        "stop" : 1559404346271,
        "duration" : 208
      },
      "status" : "passed",
      "steps" : [ ],
      "attachments" : [ ],
      "parameters" : [ ],
      "attachmentsCount" : 0,
      "shouldDisplayMessage" : false,
      "hasContent" : false,
      "stepsCount" : 0
    }, {
      "name" : "Then - Modal is Displayed with informative message",
      "time" : {
        "start" : 1559404346271,
        "stop" : 1559404346530,
        "duration" : 259
      },
      "status" : "failed",
      "statusMessage" : "\nExpected: a string containing \"Company Name: Okta Jaya Pte Ltd\"\n     but: was \"Company Name:\nVersion: Orangehrm OS 4.0\nActive Employees: 73\nEmployees Terminated: 0\"",
      "statusTrace" : "java.lang.AssertionError: \nExpected: a string containing \"Company Name: Okta Jaya Pte Ltd\"\n     but: was \"Company Name:\nVersion: Orangehrm OS 4.0\nActive Employees: 73\nEmployees Terminated: 0\"\r\n\tat org.hamcrest.MatcherAssert.assertThat(MatcherAssert.java:20)\r\n\tat org.hamcrest.MatcherAssert.assertThat(MatcherAssert.java:8)\r\n\tat pages.HomePage.verifyModalIsDisplayedWithInformativeMessage(HomePage.java:176)\r\n\tat features.HomePageNavigationTest.TC09_home_navigation(HomePageNavigationTest.java:91)\r\n\tat sun.reflect.NativeMethodAccessorImpl.invoke0(Native Method)\r\n\tat sun.reflect.NativeMethodAccessorImpl.invoke(NativeMethodAccessorImpl.java:62)\r\n\tat sun.reflect.DelegatingMethodAccessorImpl.invoke(DelegatingMethodAccessorImpl.java:43)\r\n\tat java.lang.reflect.Method.invoke(Method.java:498)\r\n\tat org.testng.internal.MethodInvocationHelper.invokeMethod(MethodInvocationHelper.java:124)\r\n\tat org.testng.internal.Invoker.invokeMethod(Invoker.java:583)\r\n\tat org.testng.internal.Invoker.invokeTestMethod(Invoker.java:719)\r\n\tat org.testng.internal.Invoker.invokeTestMethods(Invoker.java:989)\r\n\tat org.testng.internal.TestMethodWorker.invokeTestMethods(TestMethodWorker.java:125)\r\n\tat org.testng.internal.TestMethodWorker.run(TestMethodWorker.java:109)\r\n\tat org.testng.TestRunner.privateRun(TestRunner.java:648)\r\n\tat org.testng.TestRunner.run(TestRunner.java:505)\r\n\tat org.testng.SuiteRunner.runTest(SuiteRunner.java:455)\r\n\tat org.testng.SuiteRunner.runSequentially(SuiteRunner.java:450)\r\n\tat org.testng.SuiteRunner.privateRun(SuiteRunner.java:415)\r\n\tat org.testng.SuiteRunner.run(SuiteRunner.java:364)\r\n\tat org.testng.SuiteRunnerWorker.runSuite(SuiteRunnerWorker.java:52)\r\n\tat org.testng.SuiteRunnerWorker.run(SuiteRunnerWorker.java:84)\r\n\tat org.testng.TestNG.runSuitesSequentially(TestNG.java:1208)\r\n\tat org.testng.TestNG.runSuitesLocally(TestNG.java:1137)\r\n\tat org.testng.TestNG.runSuites(TestNG.java:1049)\r\n\tat org.testng.TestNG.run(TestNG.java:1017)\r\n\tat org.apache.maven.surefire.testng.TestNGExecutor.run(TestNGExecutor.java:283)\r\n\tat org.apache.maven.surefire.testng.TestNGXmlTestSuite.execute(TestNGXmlTestSuite.java:75)\r\n\tat org.apache.maven.surefire.testng.TestNGProvider.invoke(TestNGProvider.java:120)\r\n\tat org.apache.maven.surefire.booter.ForkedBooter.invokeProviderInSameClassLoader(ForkedBooter.java:386)\r\n\tat org.apache.maven.surefire.booter.ForkedBooter.runSuitesInProcess(ForkedBooter.java:323)\r\n\tat org.apache.maven.surefire.booter.ForkedBooter.main(ForkedBooter.java:143)\r\n",
      "steps" : [ ],
      "attachments" : [ ],
      "parameters" : [ ],
      "attachmentsCount" : 0,
      "shouldDisplayMessage" : true,
      "hasContent" : true,
      "stepsCount" : 0
    } ],
    "attachments" : [ {
      "uid" : "99f9a7ee67f76971",
      "name" : "Page screenshot",
      "source" : "99f9a7ee67f76971.png",
      "type" : "image/png",
      "size" : 83225
    }, {
      "uid" : "6e7e91272bb2755b",
      "name" : "Video record",
      "source" : "6e7e91272bb2755b.avi",
      "type" : "video/avi",
      "size" : 269220
    }, {
      "uid" : "6ed067cff29b7681",
      "name" : "TC09_home_navigation failed and screenshot taken!",
      "source" : "6ed067cff29b7681.txt",
      "type" : "text/plain",
      "size" : 49
    }, {
      "uid" : "eaec4864358ab088",
      "name" : "TC09_home_navigation failed and video taken! check all failed videos in C:\\Users\\User\\Documents\\GitHub\\OrangeHRMTestNGAllure\\video",
      "source" : "eaec4864358ab088.txt",
      "type" : "text/plain",
      "size" : 130
    } ],
    "parameters" : [ ],
    "attachmentsCount" : 4,
    "shouldDisplayMessage" : false,
    "hasContent" : true,
    "stepsCount" : 5
  },
  "afterStages" : [ {
    "name" : "closeBrowser",
    "time" : {
      "start" : 1559404347393,
      "stop" : 1559404348087,
      "duration" : 694
    },
    "description" : "",
    "status" : "passed",
    "steps" : [ ],
    "attachments" : [ ],
    "parameters" : [ ],
    "attachmentsCount" : 0,
    "shouldDisplayMessage" : false,
    "hasContent" : false,
    "stepsCount" : 0
  } ],
  "labels" : [ {
    "name" : "package",
    "value" : "features.HomePageNavigationTest"
  }, {
    "name" : "testClass",
    "value" : "features.HomePageNavigationTest"
  }, {
    "name" : "testMethod",
    "value" : "TC09_home_navigation"
  }, {
    "name" : "parentSuite",
    "value" : "OrangeHRM Test Suite"
  }, {
    "name" : "suite",
    "value" : "Full Test"
  }, {
    "name" : "subSuite",
    "value" : "features.HomePageNavigationTest"
  }, {
    "name" : "host",
    "value" : "DESKTOP-1DCFOTD"
  }, {
    "name" : "thread",
    "value" : "50880@DESKTOP-1DCFOTD.main(1)"
  }, {
    "name" : "framework",
    "value" : "testng"
  }, {
    "name" : "language",
    "value" : "java"
  }, {
    "name" : "epic",
    "value" : "Regression Tests"
  }, {
    "name" : "feature",
    "value" : "Home Page Navigation"
  }, {
    "name" : "resultFormat",
    "value" : "allure2"
  } ],
  "parameters" : [ ],
  "links" : [ ],
  "hidden" : false,
  "retry" : false,
  "extra" : {
    "severity" : "normal",
    "retries" : [ ],
    "categories" : [ {
      "name" : "Product defects",
      "matchedStatuses" : [ ],
      "flaky" : false
    } ],
    "tags" : [ ]
  },
  "source" : "a815f4a7e03680c.json",
  "parameterValues" : [ ]
}