{
  "uid" : "bbe8ccca2a445fea",
  "name" : "TC10 Able to navigate to many page",
  "fullName" : "features.HomePageNavigationTest.TC10_home_navigation",
  "historyId" : "e8c0f078cd93e754c69dc877a6f5185c",
  "time" : {
    "start" : 1559639785665,
    "stop" : 1559639829107,
    "duration" : 43442
  },
  "status" : "failed",
  "statusMessage" : "\nExpected: a string containing \"http://127.0.0.1/orangehrm-4.0/symfony/web/index.php/admin/viewSystemUsers\"\n     but: was \"http://127.0.0.1/orangehrm-4.0/symfony/web/index.php/directory/viewDirectory/reset/1\"",
  "statusTrace" : "java.lang.AssertionError: \nExpected: a string containing \"http://127.0.0.1/orangehrm-4.0/symfony/web/index.php/admin/viewSystemUsers\"\n     but: was \"http://127.0.0.1/orangehrm-4.0/symfony/web/index.php/directory/viewDirectory/reset/1\"\r\n\tat org.hamcrest.MatcherAssert.assertThat(MatcherAssert.java:20)\r\n\tat org.hamcrest.MatcherAssert.assertThat(MatcherAssert.java:8)\r\n\tat pages.HomePage.verifyLandingToCorrectPage(HomePage.java:170)\r\n\tat features.HomePageNavigationTest.TC10_home_navigation(HomePageNavigationTest.java:110)\r\n\tat sun.reflect.NativeMethodAccessorImpl.invoke0(Native Method)\r\n\tat sun.reflect.NativeMethodAccessorImpl.invoke(NativeMethodAccessorImpl.java:62)\r\n\tat sun.reflect.DelegatingMethodAccessorImpl.invoke(DelegatingMethodAccessorImpl.java:43)\r\n\tat java.lang.reflect.Method.invoke(Method.java:498)\r\n\tat org.testng.internal.MethodInvocationHelper.invokeMethod(MethodInvocationHelper.java:124)\r\n\tat org.testng.internal.Invoker.invokeMethod(Invoker.java:583)\r\n\tat org.testng.internal.Invoker.invokeTestMethod(Invoker.java:719)\r\n\tat org.testng.internal.Invoker.invokeTestMethods(Invoker.java:989)\r\n\tat org.testng.internal.TestMethodWorker.invokeTestMethods(TestMethodWorker.java:125)\r\n\tat org.testng.internal.TestMethodWorker.run(TestMethodWorker.java:109)\r\n\tat org.testng.TestRunner.privateRun(TestRunner.java:648)\r\n\tat org.testng.TestRunner.run(TestRunner.java:505)\r\n\tat org.testng.SuiteRunner.runTest(SuiteRunner.java:455)\r\n\tat org.testng.SuiteRunner.runSequentially(SuiteRunner.java:450)\r\n\tat org.testng.SuiteRunner.privateRun(SuiteRunner.java:415)\r\n\tat org.testng.SuiteRunner.run(SuiteRunner.java:364)\r\n\tat org.testng.SuiteRunnerWorker.runSuite(SuiteRunnerWorker.java:52)\r\n\tat org.testng.SuiteRunnerWorker.run(SuiteRunnerWorker.java:84)\r\n\tat org.testng.TestNG.runSuitesSequentially(TestNG.java:1208)\r\n\tat org.testng.TestNG.runSuitesLocally(TestNG.java:1137)\r\n\tat org.testng.TestNG.runSuites(TestNG.java:1049)\r\n\tat org.testng.TestNG.run(TestNG.java:1017)\r\n\tat org.apache.maven.surefire.testng.TestNGExecutor.run(TestNGExecutor.java:283)\r\n\tat org.apache.maven.surefire.testng.TestNGXmlTestSuite.execute(TestNGXmlTestSuite.java:75)\r\n\tat org.apache.maven.surefire.testng.TestNGProvider.invoke(TestNGProvider.java:120)\r\n\tat org.apache.maven.surefire.booter.ForkedBooter.invokeProviderInSameClassLoader(ForkedBooter.java:386)\r\n\tat org.apache.maven.surefire.booter.ForkedBooter.runSuitesInProcess(ForkedBooter.java:323)\r\n\tat org.apache.maven.surefire.booter.ForkedBooter.main(ForkedBooter.java:143)\r\n",
  "flaky" : false,
  "newFailed" : false,
  "beforeStages" : [ {
    "name" : "beforeMethodSetup",
    "time" : {
      "start" : 1559639783519,
      "stop" : 1559639785647,
      "duration" : 2128
    },
    "description" : "",
    "status" : "passed",
    "steps" : [ ],
    "attachments" : [ ],
    "parameters" : [ ],
    "shouldDisplayMessage" : false,
    "attachmentsCount" : 0,
    "stepsCount" : 0,
    "hasContent" : false
  } ],
  "testStage" : {
    "status" : "failed",
    "statusMessage" : "\nExpected: a string containing \"http://127.0.0.1/orangehrm-4.0/symfony/web/index.php/admin/viewSystemUsers\"\n     but: was \"http://127.0.0.1/orangehrm-4.0/symfony/web/index.php/directory/viewDirectory/reset/1\"",
    "statusTrace" : "java.lang.AssertionError: \nExpected: a string containing \"http://127.0.0.1/orangehrm-4.0/symfony/web/index.php/admin/viewSystemUsers\"\n     but: was \"http://127.0.0.1/orangehrm-4.0/symfony/web/index.php/directory/viewDirectory/reset/1\"\r\n\tat org.hamcrest.MatcherAssert.assertThat(MatcherAssert.java:20)\r\n\tat org.hamcrest.MatcherAssert.assertThat(MatcherAssert.java:8)\r\n\tat pages.HomePage.verifyLandingToCorrectPage(HomePage.java:170)\r\n\tat features.HomePageNavigationTest.TC10_home_navigation(HomePageNavigationTest.java:110)\r\n\tat sun.reflect.NativeMethodAccessorImpl.invoke0(Native Method)\r\n\tat sun.reflect.NativeMethodAccessorImpl.invoke(NativeMethodAccessorImpl.java:62)\r\n\tat sun.reflect.DelegatingMethodAccessorImpl.invoke(DelegatingMethodAccessorImpl.java:43)\r\n\tat java.lang.reflect.Method.invoke(Method.java:498)\r\n\tat org.testng.internal.MethodInvocationHelper.invokeMethod(MethodInvocationHelper.java:124)\r\n\tat org.testng.internal.Invoker.invokeMethod(Invoker.java:583)\r\n\tat org.testng.internal.Invoker.invokeTestMethod(Invoker.java:719)\r\n\tat org.testng.internal.Invoker.invokeTestMethods(Invoker.java:989)\r\n\tat org.testng.internal.TestMethodWorker.invokeTestMethods(TestMethodWorker.java:125)\r\n\tat org.testng.internal.TestMethodWorker.run(TestMethodWorker.java:109)\r\n\tat org.testng.TestRunner.privateRun(TestRunner.java:648)\r\n\tat org.testng.TestRunner.run(TestRunner.java:505)\r\n\tat org.testng.SuiteRunner.runTest(SuiteRunner.java:455)\r\n\tat org.testng.SuiteRunner.runSequentially(SuiteRunner.java:450)\r\n\tat org.testng.SuiteRunner.privateRun(SuiteRunner.java:415)\r\n\tat org.testng.SuiteRunner.run(SuiteRunner.java:364)\r\n\tat org.testng.SuiteRunnerWorker.runSuite(SuiteRunnerWorker.java:52)\r\n\tat org.testng.SuiteRunnerWorker.run(SuiteRunnerWorker.java:84)\r\n\tat org.testng.TestNG.runSuitesSequentially(TestNG.java:1208)\r\n\tat org.testng.TestNG.runSuitesLocally(TestNG.java:1137)\r\n\tat org.testng.TestNG.runSuites(TestNG.java:1049)\r\n\tat org.testng.TestNG.run(TestNG.java:1017)\r\n\tat org.apache.maven.surefire.testng.TestNGExecutor.run(TestNGExecutor.java:283)\r\n\tat org.apache.maven.surefire.testng.TestNGXmlTestSuite.execute(TestNGXmlTestSuite.java:75)\r\n\tat org.apache.maven.surefire.testng.TestNGProvider.invoke(TestNGProvider.java:120)\r\n\tat org.apache.maven.surefire.booter.ForkedBooter.invokeProviderInSameClassLoader(ForkedBooter.java:386)\r\n\tat org.apache.maven.surefire.booter.ForkedBooter.runSuitesInProcess(ForkedBooter.java:323)\r\n\tat org.apache.maven.surefire.booter.ForkedBooter.main(ForkedBooter.java:143)\r\n",
    "steps" : [ {
      "name" : "Given - User is landing to expected page - home",
      "time" : {
        "start" : 1559639785666,
        "stop" : 1559639789453,
        "duration" : 3787
      },
      "status" : "passed",
      "steps" : [ {
        "name" : "User logs in to Portal",
        "time" : {
          "start" : 1559639787275,
          "stop" : 1559639789453,
          "duration" : 2178
        },
        "status" : "passed",
        "steps" : [ ],
        "attachments" : [ {
          "uid" : "e7a25efa71a1cfc4",
          "name" : "Page screenshot",
          "source" : "e7a25efa71a1cfc4.png",
          "type" : "image/png",
          "size" : 82848
        } ],
        "parameters" : [ {
          "name" : "name",
          "value" : "admin"
        }, {
          "name" : "pasword",
          "value" : "admin"
        } ],
        "shouldDisplayMessage" : false,
        "attachmentsCount" : 1,
        "stepsCount" : 0,
        "hasContent" : true
      } ],
      "attachments" : [ ],
      "parameters" : [ {
        "name" : "page",
        "value" : "home"
      } ],
      "shouldDisplayMessage" : false,
      "attachmentsCount" : 1,
      "stepsCount" : 1,
      "hasContent" : true
    }, {
      "name" : "When - User goes to Admin Module",
      "time" : {
        "start" : 1559639789453,
        "stop" : 1559639794029,
        "duration" : 4576
      },
      "status" : "passed",
      "steps" : [ ],
      "attachments" : [ {
        "uid" : "9594f411c2fca507",
        "name" : "Page screenshot",
        "source" : "9594f411c2fca507.png",
        "type" : "image/png",
        "size" : 104583
      } ],
      "parameters" : [ ],
      "shouldDisplayMessage" : false,
      "attachmentsCount" : 1,
      "stepsCount" : 0,
      "hasContent" : true
    }, {
      "name" : "When - User goes to PIM Module",
      "time" : {
        "start" : 1559639794029,
        "stop" : 1559639803214,
        "duration" : 9185
      },
      "status" : "passed",
      "steps" : [ ],
      "attachments" : [ {
        "uid" : "f125ae047d50e732",
        "name" : "Page screenshot",
        "source" : "f125ae047d50e732.png",
        "type" : "image/png",
        "size" : 104733
      } ],
      "parameters" : [ ],
      "shouldDisplayMessage" : false,
      "attachmentsCount" : 1,
      "stepsCount" : 0,
      "hasContent" : true
    }, {
      "name" : "When - User goes to Leave Module",
      "time" : {
        "start" : 1559639803214,
        "stop" : 1559639805453,
        "duration" : 2239
      },
      "status" : "passed",
      "steps" : [ ],
      "attachments" : [ {
        "uid" : "4985f73f257e11e2",
        "name" : "Page screenshot",
        "source" : "4985f73f257e11e2.png",
        "type" : "image/png",
        "size" : 59006
      } ],
      "parameters" : [ ],
      "shouldDisplayMessage" : false,
      "attachmentsCount" : 1,
      "stepsCount" : 0,
      "hasContent" : true
    }, {
      "name" : "When - User goes to Recruitment Module",
      "time" : {
        "start" : 1559639805453,
        "stop" : 1559639807920,
        "duration" : 2467
      },
      "status" : "passed",
      "steps" : [ ],
      "attachments" : [ {
        "uid" : "f9aec75889fe968a",
        "name" : "Page screenshot",
        "source" : "f9aec75889fe968a.png",
        "type" : "image/png",
        "size" : 90268
      } ],
      "parameters" : [ ],
      "shouldDisplayMessage" : false,
      "attachmentsCount" : 1,
      "stepsCount" : 0,
      "hasContent" : true
    }, {
      "name" : "When - User goes to Dashboard Module",
      "time" : {
        "start" : 1559639807920,
        "stop" : 1559639813600,
        "duration" : 5680
      },
      "status" : "passed",
      "steps" : [ ],
      "attachments" : [ {
        "uid" : "1fe2fa1c5b044125",
        "name" : "Page screenshot",
        "source" : "1fe2fa1c5b044125.png",
        "type" : "image/png",
        "size" : 71005
      } ],
      "parameters" : [ ],
      "shouldDisplayMessage" : false,
      "attachmentsCount" : 1,
      "stepsCount" : 0,
      "hasContent" : true
    }, {
      "name" : "When - User goes to Directory Module",
      "time" : {
        "start" : 1559639813600,
        "stop" : 1559639828602,
        "duration" : 15002
      },
      "status" : "passed",
      "steps" : [ ],
      "attachments" : [ {
        "uid" : "dd5c766f587b6e6",
        "name" : "Page screenshot",
        "source" : "dd5c766f587b6e6.png",
        "type" : "image/png",
        "size" : 152184
      } ],
      "parameters" : [ ],
      "shouldDisplayMessage" : false,
      "attachmentsCount" : 1,
      "stepsCount" : 0,
      "hasContent" : true
    }, {
      "name" : "Then - User is Landing to Expected Page",
      "time" : {
        "start" : 1559639828602,
        "stop" : 1559639828608,
        "duration" : 6
      },
      "status" : "failed",
      "statusMessage" : "\nExpected: a string containing \"http://127.0.0.1/orangehrm-4.0/symfony/web/index.php/admin/viewSystemUsers\"\n     but: was \"http://127.0.0.1/orangehrm-4.0/symfony/web/index.php/directory/viewDirectory/reset/1\"",
      "statusTrace" : "java.lang.AssertionError: \nExpected: a string containing \"http://127.0.0.1/orangehrm-4.0/symfony/web/index.php/admin/viewSystemUsers\"\n     but: was \"http://127.0.0.1/orangehrm-4.0/symfony/web/index.php/directory/viewDirectory/reset/1\"\r\n\tat org.hamcrest.MatcherAssert.assertThat(MatcherAssert.java:20)\r\n\tat org.hamcrest.MatcherAssert.assertThat(MatcherAssert.java:8)\r\n\tat pages.HomePage.verifyLandingToCorrectPage(HomePage.java:170)\r\n\tat features.HomePageNavigationTest.TC10_home_navigation(HomePageNavigationTest.java:110)\r\n\tat sun.reflect.NativeMethodAccessorImpl.invoke0(Native Method)\r\n\tat sun.reflect.NativeMethodAccessorImpl.invoke(NativeMethodAccessorImpl.java:62)\r\n\tat sun.reflect.DelegatingMethodAccessorImpl.invoke(DelegatingMethodAccessorImpl.java:43)\r\n\tat java.lang.reflect.Method.invoke(Method.java:498)\r\n\tat org.testng.internal.MethodInvocationHelper.invokeMethod(MethodInvocationHelper.java:124)\r\n\tat org.testng.internal.Invoker.invokeMethod(Invoker.java:583)\r\n\tat org.testng.internal.Invoker.invokeTestMethod(Invoker.java:719)\r\n\tat org.testng.internal.Invoker.invokeTestMethods(Invoker.java:989)\r\n\tat org.testng.internal.TestMethodWorker.invokeTestMethods(TestMethodWorker.java:125)\r\n\tat org.testng.internal.TestMethodWorker.run(TestMethodWorker.java:109)\r\n\tat org.testng.TestRunner.privateRun(TestRunner.java:648)\r\n\tat org.testng.TestRunner.run(TestRunner.java:505)\r\n\tat org.testng.SuiteRunner.runTest(SuiteRunner.java:455)\r\n\tat org.testng.SuiteRunner.runSequentially(SuiteRunner.java:450)\r\n\tat org.testng.SuiteRunner.privateRun(SuiteRunner.java:415)\r\n\tat org.testng.SuiteRunner.run(SuiteRunner.java:364)\r\n\tat org.testng.SuiteRunnerWorker.runSuite(SuiteRunnerWorker.java:52)\r\n\tat org.testng.SuiteRunnerWorker.run(SuiteRunnerWorker.java:84)\r\n\tat org.testng.TestNG.runSuitesSequentially(TestNG.java:1208)\r\n\tat org.testng.TestNG.runSuitesLocally(TestNG.java:1137)\r\n\tat org.testng.TestNG.runSuites(TestNG.java:1049)\r\n\tat org.testng.TestNG.run(TestNG.java:1017)\r\n\tat org.apache.maven.surefire.testng.TestNGExecutor.run(TestNGExecutor.java:283)\r\n\tat org.apache.maven.surefire.testng.TestNGXmlTestSuite.execute(TestNGXmlTestSuite.java:75)\r\n\tat org.apache.maven.surefire.testng.TestNGProvider.invoke(TestNGProvider.java:120)\r\n\tat org.apache.maven.surefire.booter.ForkedBooter.invokeProviderInSameClassLoader(ForkedBooter.java:386)\r\n\tat org.apache.maven.surefire.booter.ForkedBooter.runSuitesInProcess(ForkedBooter.java:323)\r\n\tat org.apache.maven.surefire.booter.ForkedBooter.main(ForkedBooter.java:143)\r\n",
      "steps" : [ ],
      "attachments" : [ ],
      "parameters" : [ {
        "name" : "page",
        "value" : "http://127.0.0.1/orangehrm-4.0/symfony/web/index.php/admin/viewSystemUsers"
      } ],
      "shouldDisplayMessage" : true,
      "attachmentsCount" : 0,
      "stepsCount" : 0,
      "hasContent" : true
    } ],
    "attachments" : [ {
      "uid" : "86e6daf04eff50a1",
      "name" : "Page screenshot",
      "source" : "86e6daf04eff50a1.png",
      "type" : "image/png",
      "size" : 152184
    }, {
      "uid" : "880267b793f76d22",
      "name" : "Video record",
      "source" : "880267b793f76d22.avi",
      "type" : "video/avi",
      "size" : 349470
    }, {
      "uid" : "17f43e7310352e30",
      "name" : "TC10_home_navigation failed and screenshot taken!",
      "source" : "17f43e7310352e30.txt",
      "type" : "text/plain",
      "size" : 49
    }, {
      "uid" : "779058ba4a425643",
      "name" : "TC10_home_navigation failed and video taken! check all failed videos in C:\\Users\\User\\Documents\\GitHub\\OrangeHRMTestNGAllure\\video if video attachments are broken",
      "source" : "779058ba4a425643.txt",
      "type" : "text/plain",
      "size" : 162
    } ],
    "parameters" : [ ],
    "shouldDisplayMessage" : false,
    "attachmentsCount" : 11,
    "stepsCount" : 9,
    "hasContent" : true
  },
  "afterStages" : [ {
    "name" : "closeBrowser",
    "time" : {
      "start" : 1559639829527,
      "stop" : 1559639830292,
      "duration" : 765
    },
    "description" : "",
    "status" : "passed",
    "steps" : [ ],
    "attachments" : [ ],
    "parameters" : [ ],
    "shouldDisplayMessage" : false,
    "attachmentsCount" : 0,
    "stepsCount" : 0,
    "hasContent" : false
  } ],
  "labels" : [ {
    "name" : "package",
    "value" : "features.HomePageNavigationTest"
  }, {
    "name" : "testClass",
    "value" : "features.HomePageNavigationTest"
  }, {
    "name" : "testMethod",
    "value" : "TC10_home_navigation"
  }, {
    "name" : "parentSuite",
    "value" : "OrangeHRM Test Suite"
  }, {
    "name" : "suite",
    "value" : "Full Test"
  }, {
    "name" : "subSuite",
    "value" : "features.HomePageNavigationTest"
  }, {
    "name" : "host",
    "value" : "DESKTOP-1DCFOTD"
  }, {
    "name" : "thread",
    "value" : "4916@DESKTOP-1DCFOTD.main(1)"
  }, {
    "name" : "framework",
    "value" : "testng"
  }, {
    "name" : "language",
    "value" : "java"
  }, {
    "name" : "feature",
    "value" : "Home Page Navigation"
  }, {
    "name" : "epic",
    "value" : "Regression Tests"
  }, {
    "name" : "resultFormat",
    "value" : "allure2"
  } ],
  "parameters" : [ ],
  "links" : [ ],
  "hidden" : false,
  "retry" : false,
  "extra" : {
    "severity" : "normal",
    "retries" : [ ],
    "categories" : [ {
      "name" : "Product defects",
      "matchedStatuses" : [ ],
      "flaky" : false
    } ],
    "tags" : [ ]
  },
  "source" : "bbe8ccca2a445fea.json",
  "parameterValues" : [ ]
}