{
  "uid" : "bbefdadd231aae84",
  "name" : "TC10 Able to navigate to many page",
  "fullName" : "features.HomePageNavigationTest.TC10_home_navigation",
  "historyId" : "e8c0f078cd93e754c69dc877a6f5185c",
  "time" : {
    "start" : 1559404350095,
    "stop" : 1559404384075,
    "duration" : 33980
  },
  "status" : "failed",
  "statusMessage" : "\nExpected: a string containing \"http://127.0.0.1/orangehrm-4.0/symfony/web/index.php/admin/viewSystemUsers\"\n     but: was \"http://127.0.0.1/orangehrm-4.0/symfony/web/index.php/directory/viewDirectory/reset/1\"",
  "statusTrace" : "java.lang.AssertionError: \nExpected: a string containing \"http://127.0.0.1/orangehrm-4.0/symfony/web/index.php/admin/viewSystemUsers\"\n     but: was \"http://127.0.0.1/orangehrm-4.0/symfony/web/index.php/directory/viewDirectory/reset/1\"\r\n\tat org.hamcrest.MatcherAssert.assertThat(MatcherAssert.java:20)\r\n\tat org.hamcrest.MatcherAssert.assertThat(MatcherAssert.java:8)\r\n\tat pages.HomePage.verifyLandingToCorrectPage(HomePage.java:117)\r\n\tat features.HomePageNavigationTest.TC10_home_navigation(HomePageNavigationTest.java:104)\r\n\tat sun.reflect.NativeMethodAccessorImpl.invoke0(Native Method)\r\n\tat sun.reflect.NativeMethodAccessorImpl.invoke(NativeMethodAccessorImpl.java:62)\r\n\tat sun.reflect.DelegatingMethodAccessorImpl.invoke(DelegatingMethodAccessorImpl.java:43)\r\n\tat java.lang.reflect.Method.invoke(Method.java:498)\r\n\tat org.testng.internal.MethodInvocationHelper.invokeMethod(MethodInvocationHelper.java:124)\r\n\tat org.testng.internal.Invoker.invokeMethod(Invoker.java:583)\r\n\tat org.testng.internal.Invoker.invokeTestMethod(Invoker.java:719)\r\n\tat org.testng.internal.Invoker.invokeTestMethods(Invoker.java:989)\r\n\tat org.testng.internal.TestMethodWorker.invokeTestMethods(TestMethodWorker.java:125)\r\n\tat org.testng.internal.TestMethodWorker.run(TestMethodWorker.java:109)\r\n\tat org.testng.TestRunner.privateRun(TestRunner.java:648)\r\n\tat org.testng.TestRunner.run(TestRunner.java:505)\r\n\tat org.testng.SuiteRunner.runTest(SuiteRunner.java:455)\r\n\tat org.testng.SuiteRunner.runSequentially(SuiteRunner.java:450)\r\n\tat org.testng.SuiteRunner.privateRun(SuiteRunner.java:415)\r\n\tat org.testng.SuiteRunner.run(SuiteRunner.java:364)\r\n\tat org.testng.SuiteRunnerWorker.runSuite(SuiteRunnerWorker.java:52)\r\n\tat org.testng.SuiteRunnerWorker.run(SuiteRunnerWorker.java:84)\r\n\tat org.testng.TestNG.runSuitesSequentially(TestNG.java:1208)\r\n\tat org.testng.TestNG.runSuitesLocally(TestNG.java:1137)\r\n\tat org.testng.TestNG.runSuites(TestNG.java:1049)\r\n\tat org.testng.TestNG.run(TestNG.java:1017)\r\n\tat org.apache.maven.surefire.testng.TestNGExecutor.run(TestNGExecutor.java:283)\r\n\tat org.apache.maven.surefire.testng.TestNGXmlTestSuite.execute(TestNGXmlTestSuite.java:75)\r\n\tat org.apache.maven.surefire.testng.TestNGProvider.invoke(TestNGProvider.java:120)\r\n\tat org.apache.maven.surefire.booter.ForkedBooter.invokeProviderInSameClassLoader(ForkedBooter.java:386)\r\n\tat org.apache.maven.surefire.booter.ForkedBooter.runSuitesInProcess(ForkedBooter.java:323)\r\n\tat org.apache.maven.surefire.booter.ForkedBooter.main(ForkedBooter.java:143)\r\n",
  "flaky" : false,
  "newFailed" : false,
  "beforeStages" : [ {
    "name" : "beforeMethodSetup",
    "time" : {
      "start" : 1559404348093,
      "stop" : 1559404350077,
      "duration" : 1984
    },
    "description" : "",
    "status" : "passed",
    "steps" : [ ],
    "attachments" : [ ],
    "parameters" : [ ],
    "attachmentsCount" : 0,
    "shouldDisplayMessage" : false,
    "hasContent" : false,
    "stepsCount" : 0
  } ],
  "testStage" : {
    "status" : "failed",
    "statusMessage" : "\nExpected: a string containing \"http://127.0.0.1/orangehrm-4.0/symfony/web/index.php/admin/viewSystemUsers\"\n     but: was \"http://127.0.0.1/orangehrm-4.0/symfony/web/index.php/directory/viewDirectory/reset/1\"",
    "statusTrace" : "java.lang.AssertionError: \nExpected: a string containing \"http://127.0.0.1/orangehrm-4.0/symfony/web/index.php/admin/viewSystemUsers\"\n     but: was \"http://127.0.0.1/orangehrm-4.0/symfony/web/index.php/directory/viewDirectory/reset/1\"\r\n\tat org.hamcrest.MatcherAssert.assertThat(MatcherAssert.java:20)\r\n\tat org.hamcrest.MatcherAssert.assertThat(MatcherAssert.java:8)\r\n\tat pages.HomePage.verifyLandingToCorrectPage(HomePage.java:117)\r\n\tat features.HomePageNavigationTest.TC10_home_navigation(HomePageNavigationTest.java:104)\r\n\tat sun.reflect.NativeMethodAccessorImpl.invoke0(Native Method)\r\n\tat sun.reflect.NativeMethodAccessorImpl.invoke(NativeMethodAccessorImpl.java:62)\r\n\tat sun.reflect.DelegatingMethodAccessorImpl.invoke(DelegatingMethodAccessorImpl.java:43)\r\n\tat java.lang.reflect.Method.invoke(Method.java:498)\r\n\tat org.testng.internal.MethodInvocationHelper.invokeMethod(MethodInvocationHelper.java:124)\r\n\tat org.testng.internal.Invoker.invokeMethod(Invoker.java:583)\r\n\tat org.testng.internal.Invoker.invokeTestMethod(Invoker.java:719)\r\n\tat org.testng.internal.Invoker.invokeTestMethods(Invoker.java:989)\r\n\tat org.testng.internal.TestMethodWorker.invokeTestMethods(TestMethodWorker.java:125)\r\n\tat org.testng.internal.TestMethodWorker.run(TestMethodWorker.java:109)\r\n\tat org.testng.TestRunner.privateRun(TestRunner.java:648)\r\n\tat org.testng.TestRunner.run(TestRunner.java:505)\r\n\tat org.testng.SuiteRunner.runTest(SuiteRunner.java:455)\r\n\tat org.testng.SuiteRunner.runSequentially(SuiteRunner.java:450)\r\n\tat org.testng.SuiteRunner.privateRun(SuiteRunner.java:415)\r\n\tat org.testng.SuiteRunner.run(SuiteRunner.java:364)\r\n\tat org.testng.SuiteRunnerWorker.runSuite(SuiteRunnerWorker.java:52)\r\n\tat org.testng.SuiteRunnerWorker.run(SuiteRunnerWorker.java:84)\r\n\tat org.testng.TestNG.runSuitesSequentially(TestNG.java:1208)\r\n\tat org.testng.TestNG.runSuitesLocally(TestNG.java:1137)\r\n\tat org.testng.TestNG.runSuites(TestNG.java:1049)\r\n\tat org.testng.TestNG.run(TestNG.java:1017)\r\n\tat org.apache.maven.surefire.testng.TestNGExecutor.run(TestNGExecutor.java:283)\r\n\tat org.apache.maven.surefire.testng.TestNGXmlTestSuite.execute(TestNGXmlTestSuite.java:75)\r\n\tat org.apache.maven.surefire.testng.TestNGProvider.invoke(TestNGProvider.java:120)\r\n\tat org.apache.maven.surefire.booter.ForkedBooter.invokeProviderInSameClassLoader(ForkedBooter.java:386)\r\n\tat org.apache.maven.surefire.booter.ForkedBooter.runSuitesInProcess(ForkedBooter.java:323)\r\n\tat org.apache.maven.surefire.booter.ForkedBooter.main(ForkedBooter.java:143)\r\n",
    "steps" : [ {
      "name" : "Given - User is landing to expected page - home",
      "time" : {
        "start" : 1559404350095,
        "stop" : 1559404353451,
        "duration" : 3356
      },
      "status" : "passed",
      "steps" : [ {
        "name" : "User logs in to Portal",
        "time" : {
          "start" : 1559404351725,
          "stop" : 1559404353451,
          "duration" : 1726
        },
        "status" : "passed",
        "steps" : [ ],
        "attachments" : [ ],
        "parameters" : [ {
          "name" : "name",
          "value" : "admin"
        }, {
          "name" : "pasword",
          "value" : "admin"
        } ],
        "attachmentsCount" : 0,
        "shouldDisplayMessage" : false,
        "hasContent" : true,
        "stepsCount" : 0
      } ],
      "attachments" : [ ],
      "parameters" : [ {
        "name" : "page",
        "value" : "home"
      } ],
      "attachmentsCount" : 0,
      "shouldDisplayMessage" : false,
      "hasContent" : true,
      "stepsCount" : 1
    }, {
      "name" : "When - User goes to Admin Module",
      "time" : {
        "start" : 1559404353452,
        "stop" : 1559404357936,
        "duration" : 4484
      },
      "status" : "passed",
      "steps" : [ ],
      "attachments" : [ ],
      "parameters" : [ ],
      "attachmentsCount" : 0,
      "shouldDisplayMessage" : false,
      "hasContent" : false,
      "stepsCount" : 0
    }, {
      "name" : "When - User goes to PIM Module",
      "time" : {
        "start" : 1559404357936,
        "stop" : 1559404362870,
        "duration" : 4934
      },
      "status" : "passed",
      "steps" : [ ],
      "attachments" : [ ],
      "parameters" : [ ],
      "attachmentsCount" : 0,
      "shouldDisplayMessage" : false,
      "hasContent" : false,
      "stepsCount" : 0
    }, {
      "name" : "When - User goes to Leave Module",
      "time" : {
        "start" : 1559404362870,
        "stop" : 1559404364912,
        "duration" : 2042
      },
      "status" : "passed",
      "steps" : [ ],
      "attachments" : [ ],
      "parameters" : [ ],
      "attachmentsCount" : 0,
      "shouldDisplayMessage" : false,
      "hasContent" : false,
      "stepsCount" : 0
    }, {
      "name" : "When - User goes to Recruitment Module",
      "time" : {
        "start" : 1559404364912,
        "stop" : 1559404367101,
        "duration" : 2189
      },
      "status" : "passed",
      "steps" : [ ],
      "attachments" : [ ],
      "parameters" : [ ],
      "attachmentsCount" : 0,
      "shouldDisplayMessage" : false,
      "hasContent" : false,
      "stepsCount" : 0
    }, {
      "name" : "When - User goes to Dashboard Module",
      "time" : {
        "start" : 1559404367102,
        "stop" : 1559404368819,
        "duration" : 1717
      },
      "status" : "passed",
      "steps" : [ ],
      "attachments" : [ ],
      "parameters" : [ ],
      "attachmentsCount" : 0,
      "shouldDisplayMessage" : false,
      "hasContent" : false,
      "stepsCount" : 0
    }, {
      "name" : "When - User goes to Directory Module",
      "time" : {
        "start" : 1559404368819,
        "stop" : 1559404383602,
        "duration" : 14783
      },
      "status" : "passed",
      "steps" : [ ],
      "attachments" : [ ],
      "parameters" : [ ],
      "attachmentsCount" : 0,
      "shouldDisplayMessage" : false,
      "hasContent" : false,
      "stepsCount" : 0
    }, {
      "name" : "Then - User is Landing to Correct Page",
      "time" : {
        "start" : 1559404383602,
        "stop" : 1559404383607,
        "duration" : 5
      },
      "status" : "failed",
      "statusMessage" : "\nExpected: a string containing \"http://127.0.0.1/orangehrm-4.0/symfony/web/index.php/admin/viewSystemUsers\"\n     but: was \"http://127.0.0.1/orangehrm-4.0/symfony/web/index.php/directory/viewDirectory/reset/1\"",
      "statusTrace" : "java.lang.AssertionError: \nExpected: a string containing \"http://127.0.0.1/orangehrm-4.0/symfony/web/index.php/admin/viewSystemUsers\"\n     but: was \"http://127.0.0.1/orangehrm-4.0/symfony/web/index.php/directory/viewDirectory/reset/1\"\r\n\tat org.hamcrest.MatcherAssert.assertThat(MatcherAssert.java:20)\r\n\tat org.hamcrest.MatcherAssert.assertThat(MatcherAssert.java:8)\r\n\tat pages.HomePage.verifyLandingToCorrectPage(HomePage.java:117)\r\n\tat features.HomePageNavigationTest.TC10_home_navigation(HomePageNavigationTest.java:104)\r\n\tat sun.reflect.NativeMethodAccessorImpl.invoke0(Native Method)\r\n\tat sun.reflect.NativeMethodAccessorImpl.invoke(NativeMethodAccessorImpl.java:62)\r\n\tat sun.reflect.DelegatingMethodAccessorImpl.invoke(DelegatingMethodAccessorImpl.java:43)\r\n\tat java.lang.reflect.Method.invoke(Method.java:498)\r\n\tat org.testng.internal.MethodInvocationHelper.invokeMethod(MethodInvocationHelper.java:124)\r\n\tat org.testng.internal.Invoker.invokeMethod(Invoker.java:583)\r\n\tat org.testng.internal.Invoker.invokeTestMethod(Invoker.java:719)\r\n\tat org.testng.internal.Invoker.invokeTestMethods(Invoker.java:989)\r\n\tat org.testng.internal.TestMethodWorker.invokeTestMethods(TestMethodWorker.java:125)\r\n\tat org.testng.internal.TestMethodWorker.run(TestMethodWorker.java:109)\r\n\tat org.testng.TestRunner.privateRun(TestRunner.java:648)\r\n\tat org.testng.TestRunner.run(TestRunner.java:505)\r\n\tat org.testng.SuiteRunner.runTest(SuiteRunner.java:455)\r\n\tat org.testng.SuiteRunner.runSequentially(SuiteRunner.java:450)\r\n\tat org.testng.SuiteRunner.privateRun(SuiteRunner.java:415)\r\n\tat org.testng.SuiteRunner.run(SuiteRunner.java:364)\r\n\tat org.testng.SuiteRunnerWorker.runSuite(SuiteRunnerWorker.java:52)\r\n\tat org.testng.SuiteRunnerWorker.run(SuiteRunnerWorker.java:84)\r\n\tat org.testng.TestNG.runSuitesSequentially(TestNG.java:1208)\r\n\tat org.testng.TestNG.runSuitesLocally(TestNG.java:1137)\r\n\tat org.testng.TestNG.runSuites(TestNG.java:1049)\r\n\tat org.testng.TestNG.run(TestNG.java:1017)\r\n\tat org.apache.maven.surefire.testng.TestNGExecutor.run(TestNGExecutor.java:283)\r\n\tat org.apache.maven.surefire.testng.TestNGXmlTestSuite.execute(TestNGXmlTestSuite.java:75)\r\n\tat org.apache.maven.surefire.testng.TestNGProvider.invoke(TestNGProvider.java:120)\r\n\tat org.apache.maven.surefire.booter.ForkedBooter.invokeProviderInSameClassLoader(ForkedBooter.java:386)\r\n\tat org.apache.maven.surefire.booter.ForkedBooter.runSuitesInProcess(ForkedBooter.java:323)\r\n\tat org.apache.maven.surefire.booter.ForkedBooter.main(ForkedBooter.java:143)\r\n",
      "steps" : [ ],
      "attachments" : [ ],
      "parameters" : [ {
        "name" : "page",
        "value" : "http://127.0.0.1/orangehrm-4.0/symfony/web/index.php/admin/viewSystemUsers"
      } ],
      "attachmentsCount" : 0,
      "shouldDisplayMessage" : true,
      "hasContent" : true,
      "stepsCount" : 0
    } ],
    "attachments" : [ {
      "uid" : "a40159da08fa03dc",
      "name" : "Page screenshot",
      "source" : "a40159da08fa03dc.png",
      "type" : "image/png",
      "size" : 152184
    }, {
      "uid" : "b3beeb1dc4994145",
      "name" : "Video record",
      "source" : "b3beeb1dc4994145.avi",
      "type" : "video/avi",
      "size" : 2133638
    }, {
      "uid" : "3c55bede99a3281d",
      "name" : "TC10_home_navigation failed and screenshot taken!",
      "source" : "3c55bede99a3281d.txt",
      "type" : "text/plain",
      "size" : 49
    }, {
      "uid" : "11b54d402b8fdb29",
      "name" : "TC10_home_navigation failed and video taken! check all failed videos in C:\\Users\\User\\Documents\\GitHub\\OrangeHRMTestNGAllure\\video",
      "source" : "11b54d402b8fdb29.txt",
      "type" : "text/plain",
      "size" : 130
    } ],
    "parameters" : [ ],
    "attachmentsCount" : 4,
    "shouldDisplayMessage" : false,
    "hasContent" : true,
    "stepsCount" : 9
  },
  "afterStages" : [ {
    "name" : "closeBrowser",
    "time" : {
      "start" : 1559404384460,
      "stop" : 1559404385195,
      "duration" : 735
    },
    "description" : "",
    "status" : "passed",
    "steps" : [ ],
    "attachments" : [ ],
    "parameters" : [ ],
    "attachmentsCount" : 0,
    "shouldDisplayMessage" : false,
    "hasContent" : false,
    "stepsCount" : 0
  } ],
  "labels" : [ {
    "name" : "package",
    "value" : "features.HomePageNavigationTest"
  }, {
    "name" : "testClass",
    "value" : "features.HomePageNavigationTest"
  }, {
    "name" : "testMethod",
    "value" : "TC10_home_navigation"
  }, {
    "name" : "parentSuite",
    "value" : "OrangeHRM Test Suite"
  }, {
    "name" : "suite",
    "value" : "Full Test"
  }, {
    "name" : "subSuite",
    "value" : "features.HomePageNavigationTest"
  }, {
    "name" : "host",
    "value" : "DESKTOP-1DCFOTD"
  }, {
    "name" : "thread",
    "value" : "50880@DESKTOP-1DCFOTD.main(1)"
  }, {
    "name" : "framework",
    "value" : "testng"
  }, {
    "name" : "language",
    "value" : "java"
  }, {
    "name" : "feature",
    "value" : "Home Page Navigation"
  }, {
    "name" : "epic",
    "value" : "Regression Tests"
  }, {
    "name" : "resultFormat",
    "value" : "allure2"
  } ],
  "parameters" : [ ],
  "links" : [ ],
  "hidden" : false,
  "retry" : false,
  "extra" : {
    "severity" : "normal",
    "retries" : [ ],
    "categories" : [ {
      "name" : "Product defects",
      "matchedStatuses" : [ ],
      "flaky" : false
    } ],
    "tags" : [ ]
  },
  "source" : "bbefdadd231aae84.json",
  "parameterValues" : [ ]
}