{
  "uid" : "c98f5eb7fb4a3c91",
  "name" : "TC06 Able to navigate to performance page",
  "fullName" : "features.HomePageNavigationTest.TC06_home_navigation",
  "historyId" : "9fba45182e8c4728840af33859d27b91",
  "time" : {
    "start" : 1559576852208,
    "stop" : 1559576857717,
    "duration" : 5509
  },
  "status" : "failed",
  "statusMessage" : "\nExpected: a string containing \"http://127.0.0.1/orangehrm-4.0/symfony/web/index.php/recruitment/viewCandidates#\"\n     but: was \"http://127.0.0.1/orangehrm-4.0/symfony/web/index.php/dashboard#\"",
  "statusTrace" : "java.lang.AssertionError: \nExpected: a string containing \"http://127.0.0.1/orangehrm-4.0/symfony/web/index.php/recruitment/viewCandidates#\"\n     but: was \"http://127.0.0.1/orangehrm-4.0/symfony/web/index.php/dashboard#\"\r\n\tat org.hamcrest.MatcherAssert.assertThat(MatcherAssert.java:20)\r\n\tat org.hamcrest.MatcherAssert.assertThat(MatcherAssert.java:8)\r\n\tat pages.HomePage.verifyLandingToCorrectPage(HomePage.java:170)\r\n\tat features.HomePageNavigationTest.TC06_home_navigation(HomePageNavigationTest.java:69)\r\n\tat sun.reflect.NativeMethodAccessorImpl.invoke0(Native Method)\r\n\tat sun.reflect.NativeMethodAccessorImpl.invoke(NativeMethodAccessorImpl.java:62)\r\n\tat sun.reflect.DelegatingMethodAccessorImpl.invoke(DelegatingMethodAccessorImpl.java:43)\r\n\tat java.lang.reflect.Method.invoke(Method.java:498)\r\n\tat org.testng.internal.MethodInvocationHelper.invokeMethod(MethodInvocationHelper.java:124)\r\n\tat org.testng.internal.Invoker.invokeMethod(Invoker.java:583)\r\n\tat org.testng.internal.Invoker.invokeTestMethod(Invoker.java:719)\r\n\tat org.testng.internal.Invoker.invokeTestMethods(Invoker.java:989)\r\n\tat org.testng.internal.TestMethodWorker.invokeTestMethods(TestMethodWorker.java:125)\r\n\tat org.testng.internal.TestMethodWorker.run(TestMethodWorker.java:109)\r\n\tat org.testng.TestRunner.privateRun(TestRunner.java:648)\r\n\tat org.testng.TestRunner.run(TestRunner.java:505)\r\n\tat org.testng.SuiteRunner.runTest(SuiteRunner.java:455)\r\n\tat org.testng.SuiteRunner.runSequentially(SuiteRunner.java:450)\r\n\tat org.testng.SuiteRunner.privateRun(SuiteRunner.java:415)\r\n\tat org.testng.SuiteRunner.run(SuiteRunner.java:364)\r\n\tat org.testng.SuiteRunnerWorker.runSuite(SuiteRunnerWorker.java:52)\r\n\tat org.testng.SuiteRunnerWorker.run(SuiteRunnerWorker.java:84)\r\n\tat org.testng.TestNG.runSuitesSequentially(TestNG.java:1208)\r\n\tat org.testng.TestNG.runSuitesLocally(TestNG.java:1137)\r\n\tat org.testng.TestNG.runSuites(TestNG.java:1049)\r\n\tat org.testng.TestNG.run(TestNG.java:1017)\r\n\tat org.apache.maven.surefire.testng.TestNGExecutor.run(TestNGExecutor.java:283)\r\n\tat org.apache.maven.surefire.testng.TestNGXmlTestSuite.execute(TestNGXmlTestSuite.java:75)\r\n\tat org.apache.maven.surefire.testng.TestNGProvider.invoke(TestNGProvider.java:120)\r\n\tat org.apache.maven.surefire.booter.ForkedBooter.invokeProviderInSameClassLoader(ForkedBooter.java:386)\r\n\tat org.apache.maven.surefire.booter.ForkedBooter.runSuitesInProcess(ForkedBooter.java:323)\r\n\tat org.apache.maven.surefire.booter.ForkedBooter.main(ForkedBooter.java:143)\r\n",
  "flaky" : false,
  "newFailed" : false,
  "beforeStages" : [ {
    "name" : "beforeMethodSetup",
    "time" : {
      "start" : 1559576850044,
      "stop" : 1559576852186,
      "duration" : 2142
    },
    "description" : "",
    "status" : "passed",
    "steps" : [ ],
    "attachments" : [ ],
    "parameters" : [ ],
    "stepsCount" : 0,
    "hasContent" : false,
    "attachmentsCount" : 0,
    "shouldDisplayMessage" : false
  } ],
  "testStage" : {
    "status" : "failed",
    "statusMessage" : "\nExpected: a string containing \"http://127.0.0.1/orangehrm-4.0/symfony/web/index.php/recruitment/viewCandidates#\"\n     but: was \"http://127.0.0.1/orangehrm-4.0/symfony/web/index.php/dashboard#\"",
    "statusTrace" : "java.lang.AssertionError: \nExpected: a string containing \"http://127.0.0.1/orangehrm-4.0/symfony/web/index.php/recruitment/viewCandidates#\"\n     but: was \"http://127.0.0.1/orangehrm-4.0/symfony/web/index.php/dashboard#\"\r\n\tat org.hamcrest.MatcherAssert.assertThat(MatcherAssert.java:20)\r\n\tat org.hamcrest.MatcherAssert.assertThat(MatcherAssert.java:8)\r\n\tat pages.HomePage.verifyLandingToCorrectPage(HomePage.java:170)\r\n\tat features.HomePageNavigationTest.TC06_home_navigation(HomePageNavigationTest.java:69)\r\n\tat sun.reflect.NativeMethodAccessorImpl.invoke0(Native Method)\r\n\tat sun.reflect.NativeMethodAccessorImpl.invoke(NativeMethodAccessorImpl.java:62)\r\n\tat sun.reflect.DelegatingMethodAccessorImpl.invoke(DelegatingMethodAccessorImpl.java:43)\r\n\tat java.lang.reflect.Method.invoke(Method.java:498)\r\n\tat org.testng.internal.MethodInvocationHelper.invokeMethod(MethodInvocationHelper.java:124)\r\n\tat org.testng.internal.Invoker.invokeMethod(Invoker.java:583)\r\n\tat org.testng.internal.Invoker.invokeTestMethod(Invoker.java:719)\r\n\tat org.testng.internal.Invoker.invokeTestMethods(Invoker.java:989)\r\n\tat org.testng.internal.TestMethodWorker.invokeTestMethods(TestMethodWorker.java:125)\r\n\tat org.testng.internal.TestMethodWorker.run(TestMethodWorker.java:109)\r\n\tat org.testng.TestRunner.privateRun(TestRunner.java:648)\r\n\tat org.testng.TestRunner.run(TestRunner.java:505)\r\n\tat org.testng.SuiteRunner.runTest(SuiteRunner.java:455)\r\n\tat org.testng.SuiteRunner.runSequentially(SuiteRunner.java:450)\r\n\tat org.testng.SuiteRunner.privateRun(SuiteRunner.java:415)\r\n\tat org.testng.SuiteRunner.run(SuiteRunner.java:364)\r\n\tat org.testng.SuiteRunnerWorker.runSuite(SuiteRunnerWorker.java:52)\r\n\tat org.testng.SuiteRunnerWorker.run(SuiteRunnerWorker.java:84)\r\n\tat org.testng.TestNG.runSuitesSequentially(TestNG.java:1208)\r\n\tat org.testng.TestNG.runSuitesLocally(TestNG.java:1137)\r\n\tat org.testng.TestNG.runSuites(TestNG.java:1049)\r\n\tat org.testng.TestNG.run(TestNG.java:1017)\r\n\tat org.apache.maven.surefire.testng.TestNGExecutor.run(TestNGExecutor.java:283)\r\n\tat org.apache.maven.surefire.testng.TestNGXmlTestSuite.execute(TestNGXmlTestSuite.java:75)\r\n\tat org.apache.maven.surefire.testng.TestNGProvider.invoke(TestNGProvider.java:120)\r\n\tat org.apache.maven.surefire.booter.ForkedBooter.invokeProviderInSameClassLoader(ForkedBooter.java:386)\r\n\tat org.apache.maven.surefire.booter.ForkedBooter.runSuitesInProcess(ForkedBooter.java:323)\r\n\tat org.apache.maven.surefire.booter.ForkedBooter.main(ForkedBooter.java:143)\r\n",
    "steps" : [ {
      "name" : "Given - User is landing to expected page - home",
      "time" : {
        "start" : 1559576852208,
        "stop" : 1559576855631,
        "duration" : 3423
      },
      "status" : "passed",
      "steps" : [ {
        "name" : "User logs in to Portal",
        "time" : {
          "start" : 1559576853763,
          "stop" : 1559576855631,
          "duration" : 1868
        },
        "status" : "passed",
        "steps" : [ ],
        "attachments" : [ {
          "uid" : "973d5ea14661c70b",
          "name" : "Page screenshot",
          "source" : "973d5ea14661c70b.png",
          "type" : "image/png",
          "size" : 75079
        } ],
        "parameters" : [ {
          "name" : "name",
          "value" : "admin"
        }, {
          "name" : "pasword",
          "value" : "admin"
        } ],
        "stepsCount" : 0,
        "hasContent" : true,
        "attachmentsCount" : 1,
        "shouldDisplayMessage" : false
      } ],
      "attachments" : [ ],
      "parameters" : [ {
        "name" : "page",
        "value" : "home"
      } ],
      "stepsCount" : 1,
      "hasContent" : true,
      "attachmentsCount" : 1,
      "shouldDisplayMessage" : false
    }, {
      "name" : "When - User goes to Performance Module",
      "time" : {
        "start" : 1559576855631,
        "stop" : 1559576857300,
        "duration" : 1669
      },
      "status" : "passed",
      "steps" : [ ],
      "attachments" : [ {
        "uid" : "de82d67319ed09ae",
        "name" : "Page screenshot",
        "source" : "de82d67319ed09ae.png",
        "type" : "image/png",
        "size" : 93584
      } ],
      "parameters" : [ ],
      "stepsCount" : 0,
      "hasContent" : true,
      "attachmentsCount" : 1,
      "shouldDisplayMessage" : false
    }, {
      "name" : "Then - User is Landing to Expected Page",
      "time" : {
        "start" : 1559576857300,
        "stop" : 1559576857308,
        "duration" : 8
      },
      "status" : "failed",
      "statusMessage" : "\nExpected: a string containing \"http://127.0.0.1/orangehrm-4.0/symfony/web/index.php/recruitment/viewCandidates#\"\n     but: was \"http://127.0.0.1/orangehrm-4.0/symfony/web/index.php/dashboard#\"",
      "statusTrace" : "java.lang.AssertionError: \nExpected: a string containing \"http://127.0.0.1/orangehrm-4.0/symfony/web/index.php/recruitment/viewCandidates#\"\n     but: was \"http://127.0.0.1/orangehrm-4.0/symfony/web/index.php/dashboard#\"\r\n\tat org.hamcrest.MatcherAssert.assertThat(MatcherAssert.java:20)\r\n\tat org.hamcrest.MatcherAssert.assertThat(MatcherAssert.java:8)\r\n\tat pages.HomePage.verifyLandingToCorrectPage(HomePage.java:170)\r\n\tat features.HomePageNavigationTest.TC06_home_navigation(HomePageNavigationTest.java:69)\r\n\tat sun.reflect.NativeMethodAccessorImpl.invoke0(Native Method)\r\n\tat sun.reflect.NativeMethodAccessorImpl.invoke(NativeMethodAccessorImpl.java:62)\r\n\tat sun.reflect.DelegatingMethodAccessorImpl.invoke(DelegatingMethodAccessorImpl.java:43)\r\n\tat java.lang.reflect.Method.invoke(Method.java:498)\r\n\tat org.testng.internal.MethodInvocationHelper.invokeMethod(MethodInvocationHelper.java:124)\r\n\tat org.testng.internal.Invoker.invokeMethod(Invoker.java:583)\r\n\tat org.testng.internal.Invoker.invokeTestMethod(Invoker.java:719)\r\n\tat org.testng.internal.Invoker.invokeTestMethods(Invoker.java:989)\r\n\tat org.testng.internal.TestMethodWorker.invokeTestMethods(TestMethodWorker.java:125)\r\n\tat org.testng.internal.TestMethodWorker.run(TestMethodWorker.java:109)\r\n\tat org.testng.TestRunner.privateRun(TestRunner.java:648)\r\n\tat org.testng.TestRunner.run(TestRunner.java:505)\r\n\tat org.testng.SuiteRunner.runTest(SuiteRunner.java:455)\r\n\tat org.testng.SuiteRunner.runSequentially(SuiteRunner.java:450)\r\n\tat org.testng.SuiteRunner.privateRun(SuiteRunner.java:415)\r\n\tat org.testng.SuiteRunner.run(SuiteRunner.java:364)\r\n\tat org.testng.SuiteRunnerWorker.runSuite(SuiteRunnerWorker.java:52)\r\n\tat org.testng.SuiteRunnerWorker.run(SuiteRunnerWorker.java:84)\r\n\tat org.testng.TestNG.runSuitesSequentially(TestNG.java:1208)\r\n\tat org.testng.TestNG.runSuitesLocally(TestNG.java:1137)\r\n\tat org.testng.TestNG.runSuites(TestNG.java:1049)\r\n\tat org.testng.TestNG.run(TestNG.java:1017)\r\n\tat org.apache.maven.surefire.testng.TestNGExecutor.run(TestNGExecutor.java:283)\r\n\tat org.apache.maven.surefire.testng.TestNGXmlTestSuite.execute(TestNGXmlTestSuite.java:75)\r\n\tat org.apache.maven.surefire.testng.TestNGProvider.invoke(TestNGProvider.java:120)\r\n\tat org.apache.maven.surefire.booter.ForkedBooter.invokeProviderInSameClassLoader(ForkedBooter.java:386)\r\n\tat org.apache.maven.surefire.booter.ForkedBooter.runSuitesInProcess(ForkedBooter.java:323)\r\n\tat org.apache.maven.surefire.booter.ForkedBooter.main(ForkedBooter.java:143)\r\n",
      "steps" : [ ],
      "attachments" : [ ],
      "parameters" : [ {
        "name" : "page",
        "value" : "http://127.0.0.1/orangehrm-4.0/symfony/web/index.php/recruitment/viewCandidates#"
      } ],
      "stepsCount" : 0,
      "hasContent" : true,
      "attachmentsCount" : 0,
      "shouldDisplayMessage" : true
    } ],
    "attachments" : [ {
      "uid" : "e5ed5a7ea38354fd",
      "name" : "Page screenshot",
      "source" : "e5ed5a7ea38354fd.png",
      "type" : "image/png",
      "size" : 93216
    }, {
      "uid" : "b8a505312ea84067",
      "name" : "Video record",
      "source" : "b8a505312ea84067.avi",
      "type" : "video/avi",
      "size" : 306488
    }, {
      "uid" : "cf78878860f31a0d",
      "name" : "TC06_home_navigation failed and screenshot taken!",
      "source" : "cf78878860f31a0d.txt",
      "type" : "text/plain",
      "size" : 49
    }, {
      "uid" : "9752bc4560d377a2",
      "name" : "TC06_home_navigation failed and video taken! check all failed videos in C:\\Users\\User\\Documents\\GitHub\\OrangeHRMTestNGAllure\\video if video attachments are broken",
      "source" : "9752bc4560d377a2.txt",
      "type" : "text/plain",
      "size" : 162
    } ],
    "parameters" : [ ],
    "stepsCount" : 4,
    "hasContent" : true,
    "attachmentsCount" : 6,
    "shouldDisplayMessage" : false
  },
  "afterStages" : [ {
    "name" : "closeBrowser",
    "time" : {
      "start" : 1559576858071,
      "stop" : 1559576858835,
      "duration" : 764
    },
    "description" : "",
    "status" : "passed",
    "steps" : [ ],
    "attachments" : [ ],
    "parameters" : [ ],
    "stepsCount" : 0,
    "hasContent" : false,
    "attachmentsCount" : 0,
    "shouldDisplayMessage" : false
  } ],
  "labels" : [ {
    "name" : "package",
    "value" : "features.HomePageNavigationTest"
  }, {
    "name" : "testClass",
    "value" : "features.HomePageNavigationTest"
  }, {
    "name" : "testMethod",
    "value" : "TC06_home_navigation"
  }, {
    "name" : "parentSuite",
    "value" : "OrangeHRM Test Suite"
  }, {
    "name" : "suite",
    "value" : "Full Test"
  }, {
    "name" : "subSuite",
    "value" : "features.HomePageNavigationTest"
  }, {
    "name" : "host",
    "value" : "DESKTOP-1DCFOTD"
  }, {
    "name" : "thread",
    "value" : "12192@DESKTOP-1DCFOTD.main(1)"
  }, {
    "name" : "framework",
    "value" : "testng"
  }, {
    "name" : "language",
    "value" : "java"
  }, {
    "name" : "feature",
    "value" : "Home Page Navigation"
  }, {
    "name" : "epic",
    "value" : "Regression Tests"
  }, {
    "name" : "resultFormat",
    "value" : "allure2"
  } ],
  "parameters" : [ ],
  "links" : [ ],
  "hidden" : false,
  "retry" : false,
  "extra" : {
    "severity" : "normal",
    "retries" : [ ],
    "categories" : [ {
      "name" : "Product defects",
      "matchedStatuses" : [ ],
      "flaky" : false
    } ],
    "tags" : [ ]
  },
  "source" : "c98f5eb7fb4a3c91.json",
  "parameterValues" : [ ]
}