{
  "uid" : "d5443f4825f50aba",
  "name" : "TC04 Login with correct username and correct password",
  "fullName" : "features.LoginTest.TC04_login",
  "historyId" : "e5c8f5adbdaa7a4977037bf678fc7d26",
  "time" : {
    "start" : 1559639832388,
    "stop" : 1559639837480,
    "duration" : 5092
  },
  "description" : "Test Description: Login test with correct username and correct password.",
  "descriptionHtml" : "<p>Test Description: Login test with correct username and correct password.</p>\n",
  "status" : "failed",
  "statusMessage" : "\nExpected: a string containing \"http://127.0.0.1/orangehrm-4.0/symfony/web/index.php/dashboard\"\n     but: was \"http://127.0.0.1/orangehrm-4.0/symfony/web/index.php/auth/validateCredentials\"",
  "statusTrace" : "java.lang.AssertionError: \nExpected: a string containing \"http://127.0.0.1/orangehrm-4.0/symfony/web/index.php/dashboard\"\n     but: was \"http://127.0.0.1/orangehrm-4.0/symfony/web/index.php/auth/validateCredentials\"\r\n\tat org.hamcrest.MatcherAssert.assertThat(MatcherAssert.java:20)\r\n\tat org.hamcrest.MatcherAssert.assertThat(MatcherAssert.java:8)\r\n\tat pages.login.LoginPage.landingToDashboardPage(LoginPage.java:61)\r\n\tat features.LoginTest.TC04_login(LoginTest.java:57)\r\n\tat sun.reflect.NativeMethodAccessorImpl.invoke0(Native Method)\r\n\tat sun.reflect.NativeMethodAccessorImpl.invoke(NativeMethodAccessorImpl.java:62)\r\n\tat sun.reflect.DelegatingMethodAccessorImpl.invoke(DelegatingMethodAccessorImpl.java:43)\r\n\tat java.lang.reflect.Method.invoke(Method.java:498)\r\n\tat org.testng.internal.MethodInvocationHelper.invokeMethod(MethodInvocationHelper.java:124)\r\n\tat org.testng.internal.Invoker.invokeMethod(Invoker.java:583)\r\n\tat org.testng.internal.Invoker.invokeTestMethod(Invoker.java:719)\r\n\tat org.testng.internal.Invoker.invokeTestMethods(Invoker.java:989)\r\n\tat org.testng.internal.TestMethodWorker.invokeTestMethods(TestMethodWorker.java:125)\r\n\tat org.testng.internal.TestMethodWorker.run(TestMethodWorker.java:109)\r\n\tat org.testng.TestRunner.privateRun(TestRunner.java:648)\r\n\tat org.testng.TestRunner.run(TestRunner.java:505)\r\n\tat org.testng.SuiteRunner.runTest(SuiteRunner.java:455)\r\n\tat org.testng.SuiteRunner.runSequentially(SuiteRunner.java:450)\r\n\tat org.testng.SuiteRunner.privateRun(SuiteRunner.java:415)\r\n\tat org.testng.SuiteRunner.run(SuiteRunner.java:364)\r\n\tat org.testng.SuiteRunnerWorker.runSuite(SuiteRunnerWorker.java:52)\r\n\tat org.testng.SuiteRunnerWorker.run(SuiteRunnerWorker.java:84)\r\n\tat org.testng.TestNG.runSuitesSequentially(TestNG.java:1208)\r\n\tat org.testng.TestNG.runSuitesLocally(TestNG.java:1137)\r\n\tat org.testng.TestNG.runSuites(TestNG.java:1049)\r\n\tat org.testng.TestNG.run(TestNG.java:1017)\r\n\tat org.apache.maven.surefire.testng.TestNGExecutor.run(TestNGExecutor.java:283)\r\n\tat org.apache.maven.surefire.testng.TestNGXmlTestSuite.execute(TestNGXmlTestSuite.java:75)\r\n\tat org.apache.maven.surefire.testng.TestNGProvider.invoke(TestNGProvider.java:120)\r\n\tat org.apache.maven.surefire.booter.ForkedBooter.invokeProviderInSameClassLoader(ForkedBooter.java:386)\r\n\tat org.apache.maven.surefire.booter.ForkedBooter.runSuitesInProcess(ForkedBooter.java:323)\r\n\tat org.apache.maven.surefire.booter.ForkedBooter.main(ForkedBooter.java:143)\r\n",
  "flaky" : false,
  "newFailed" : false,
  "beforeStages" : [ {
    "name" : "beforeMethodSetup",
    "time" : {
      "start" : 1559639830298,
      "stop" : 1559639832356,
      "duration" : 2058
    },
    "description" : "",
    "status" : "passed",
    "steps" : [ ],
    "attachments" : [ ],
    "parameters" : [ ],
    "shouldDisplayMessage" : false,
    "attachmentsCount" : 0,
    "stepsCount" : 0,
    "hasContent" : false
  } ],
  "testStage" : {
    "description" : "Test Description: Login test with correct username and correct password.",
    "status" : "failed",
    "statusMessage" : "\nExpected: a string containing \"http://127.0.0.1/orangehrm-4.0/symfony/web/index.php/dashboard\"\n     but: was \"http://127.0.0.1/orangehrm-4.0/symfony/web/index.php/auth/validateCredentials\"",
    "statusTrace" : "java.lang.AssertionError: \nExpected: a string containing \"http://127.0.0.1/orangehrm-4.0/symfony/web/index.php/dashboard\"\n     but: was \"http://127.0.0.1/orangehrm-4.0/symfony/web/index.php/auth/validateCredentials\"\r\n\tat org.hamcrest.MatcherAssert.assertThat(MatcherAssert.java:20)\r\n\tat org.hamcrest.MatcherAssert.assertThat(MatcherAssert.java:8)\r\n\tat pages.login.LoginPage.landingToDashboardPage(LoginPage.java:61)\r\n\tat features.LoginTest.TC04_login(LoginTest.java:57)\r\n\tat sun.reflect.NativeMethodAccessorImpl.invoke0(Native Method)\r\n\tat sun.reflect.NativeMethodAccessorImpl.invoke(NativeMethodAccessorImpl.java:62)\r\n\tat sun.reflect.DelegatingMethodAccessorImpl.invoke(DelegatingMethodAccessorImpl.java:43)\r\n\tat java.lang.reflect.Method.invoke(Method.java:498)\r\n\tat org.testng.internal.MethodInvocationHelper.invokeMethod(MethodInvocationHelper.java:124)\r\n\tat org.testng.internal.Invoker.invokeMethod(Invoker.java:583)\r\n\tat org.testng.internal.Invoker.invokeTestMethod(Invoker.java:719)\r\n\tat org.testng.internal.Invoker.invokeTestMethods(Invoker.java:989)\r\n\tat org.testng.internal.TestMethodWorker.invokeTestMethods(TestMethodWorker.java:125)\r\n\tat org.testng.internal.TestMethodWorker.run(TestMethodWorker.java:109)\r\n\tat org.testng.TestRunner.privateRun(TestRunner.java:648)\r\n\tat org.testng.TestRunner.run(TestRunner.java:505)\r\n\tat org.testng.SuiteRunner.runTest(SuiteRunner.java:455)\r\n\tat org.testng.SuiteRunner.runSequentially(SuiteRunner.java:450)\r\n\tat org.testng.SuiteRunner.privateRun(SuiteRunner.java:415)\r\n\tat org.testng.SuiteRunner.run(SuiteRunner.java:364)\r\n\tat org.testng.SuiteRunnerWorker.runSuite(SuiteRunnerWorker.java:52)\r\n\tat org.testng.SuiteRunnerWorker.run(SuiteRunnerWorker.java:84)\r\n\tat org.testng.TestNG.runSuitesSequentially(TestNG.java:1208)\r\n\tat org.testng.TestNG.runSuitesLocally(TestNG.java:1137)\r\n\tat org.testng.TestNG.runSuites(TestNG.java:1049)\r\n\tat org.testng.TestNG.run(TestNG.java:1017)\r\n\tat org.apache.maven.surefire.testng.TestNGExecutor.run(TestNGExecutor.java:283)\r\n\tat org.apache.maven.surefire.testng.TestNGXmlTestSuite.execute(TestNGXmlTestSuite.java:75)\r\n\tat org.apache.maven.surefire.testng.TestNGProvider.invoke(TestNGProvider.java:120)\r\n\tat org.apache.maven.surefire.booter.ForkedBooter.invokeProviderInSameClassLoader(ForkedBooter.java:386)\r\n\tat org.apache.maven.surefire.booter.ForkedBooter.runSuitesInProcess(ForkedBooter.java:323)\r\n\tat org.apache.maven.surefire.booter.ForkedBooter.main(ForkedBooter.java:143)\r\n",
    "steps" : [ {
      "name" : "Given - User is landing to expected page - Login",
      "time" : {
        "start" : 1559639832389,
        "stop" : 1559639834316,
        "duration" : 1927
      },
      "status" : "passed",
      "steps" : [ ],
      "attachments" : [ ],
      "parameters" : [ {
        "name" : "page",
        "value" : "Login"
      } ],
      "shouldDisplayMessage" : false,
      "attachmentsCount" : 0,
      "stepsCount" : 0,
      "hasContent" : true
    }, {
      "name" : "When - User inputs user name",
      "time" : {
        "start" : 1559639834316,
        "stop" : 1559639835070,
        "duration" : 754
      },
      "status" : "passed",
      "steps" : [ ],
      "attachments" : [ {
        "uid" : "14c51fd9f5f03d3b",
        "name" : "Page screenshot",
        "source" : "14c51fd9f5f03d3b.png",
        "type" : "image/png",
        "size" : 157302
      } ],
      "parameters" : [ {
        "name" : "login",
        "value" : "admin"
      } ],
      "shouldDisplayMessage" : false,
      "attachmentsCount" : 1,
      "stepsCount" : 0,
      "hasContent" : true
    }, {
      "name" : "And - User inputs password",
      "time" : {
        "start" : 1559639835070,
        "stop" : 1559639835624,
        "duration" : 554
      },
      "status" : "passed",
      "steps" : [ ],
      "attachments" : [ {
        "uid" : "28c467d6d1e5a2b7",
        "name" : "Page screenshot",
        "source" : "28c467d6d1e5a2b7.png",
        "type" : "image/png",
        "size" : 157622
      } ],
      "parameters" : [ {
        "name" : "pswd",
        "value" : "wrong password"
      } ],
      "shouldDisplayMessage" : false,
      "attachmentsCount" : 1,
      "stepsCount" : 0,
      "hasContent" : true
    }, {
      "name" : "And - User submits login form",
      "time" : {
        "start" : 1559639835625,
        "stop" : 1559639836872,
        "duration" : 1247
      },
      "status" : "passed",
      "steps" : [ ],
      "attachments" : [ {
        "uid" : "7fb041a2d9aae0e7",
        "name" : "Page screenshot",
        "source" : "7fb041a2d9aae0e7.png",
        "type" : "image/png",
        "size" : 156853
      } ],
      "parameters" : [ ],
      "shouldDisplayMessage" : false,
      "attachmentsCount" : 1,
      "stepsCount" : 0,
      "hasContent" : true
    }, {
      "name" : "Then - User is landing to dashboard page successfully",
      "time" : {
        "start" : 1559639836872,
        "stop" : 1559639836877,
        "duration" : 5
      },
      "status" : "failed",
      "statusMessage" : "\nExpected: a string containing \"http://127.0.0.1/orangehrm-4.0/symfony/web/index.php/dashboard\"\n     but: was \"http://127.0.0.1/orangehrm-4.0/symfony/web/index.php/auth/validateCredentials\"",
      "statusTrace" : "java.lang.AssertionError: \nExpected: a string containing \"http://127.0.0.1/orangehrm-4.0/symfony/web/index.php/dashboard\"\n     but: was \"http://127.0.0.1/orangehrm-4.0/symfony/web/index.php/auth/validateCredentials\"\r\n\tat org.hamcrest.MatcherAssert.assertThat(MatcherAssert.java:20)\r\n\tat org.hamcrest.MatcherAssert.assertThat(MatcherAssert.java:8)\r\n\tat pages.login.LoginPage.landingToDashboardPage(LoginPage.java:61)\r\n\tat features.LoginTest.TC04_login(LoginTest.java:57)\r\n\tat sun.reflect.NativeMethodAccessorImpl.invoke0(Native Method)\r\n\tat sun.reflect.NativeMethodAccessorImpl.invoke(NativeMethodAccessorImpl.java:62)\r\n\tat sun.reflect.DelegatingMethodAccessorImpl.invoke(DelegatingMethodAccessorImpl.java:43)\r\n\tat java.lang.reflect.Method.invoke(Method.java:498)\r\n\tat org.testng.internal.MethodInvocationHelper.invokeMethod(MethodInvocationHelper.java:124)\r\n\tat org.testng.internal.Invoker.invokeMethod(Invoker.java:583)\r\n\tat org.testng.internal.Invoker.invokeTestMethod(Invoker.java:719)\r\n\tat org.testng.internal.Invoker.invokeTestMethods(Invoker.java:989)\r\n\tat org.testng.internal.TestMethodWorker.invokeTestMethods(TestMethodWorker.java:125)\r\n\tat org.testng.internal.TestMethodWorker.run(TestMethodWorker.java:109)\r\n\tat org.testng.TestRunner.privateRun(TestRunner.java:648)\r\n\tat org.testng.TestRunner.run(TestRunner.java:505)\r\n\tat org.testng.SuiteRunner.runTest(SuiteRunner.java:455)\r\n\tat org.testng.SuiteRunner.runSequentially(SuiteRunner.java:450)\r\n\tat org.testng.SuiteRunner.privateRun(SuiteRunner.java:415)\r\n\tat org.testng.SuiteRunner.run(SuiteRunner.java:364)\r\n\tat org.testng.SuiteRunnerWorker.runSuite(SuiteRunnerWorker.java:52)\r\n\tat org.testng.SuiteRunnerWorker.run(SuiteRunnerWorker.java:84)\r\n\tat org.testng.TestNG.runSuitesSequentially(TestNG.java:1208)\r\n\tat org.testng.TestNG.runSuitesLocally(TestNG.java:1137)\r\n\tat org.testng.TestNG.runSuites(TestNG.java:1049)\r\n\tat org.testng.TestNG.run(TestNG.java:1017)\r\n\tat org.apache.maven.surefire.testng.TestNGExecutor.run(TestNGExecutor.java:283)\r\n\tat org.apache.maven.surefire.testng.TestNGXmlTestSuite.execute(TestNGXmlTestSuite.java:75)\r\n\tat org.apache.maven.surefire.testng.TestNGProvider.invoke(TestNGProvider.java:120)\r\n\tat org.apache.maven.surefire.booter.ForkedBooter.invokeProviderInSameClassLoader(ForkedBooter.java:386)\r\n\tat org.apache.maven.surefire.booter.ForkedBooter.runSuitesInProcess(ForkedBooter.java:323)\r\n\tat org.apache.maven.surefire.booter.ForkedBooter.main(ForkedBooter.java:143)\r\n",
      "steps" : [ ],
      "attachments" : [ ],
      "parameters" : [ ],
      "shouldDisplayMessage" : true,
      "attachmentsCount" : 0,
      "stepsCount" : 0,
      "hasContent" : true
    } ],
    "attachments" : [ {
      "uid" : "b366743df4c01ed4",
      "name" : "Page screenshot",
      "source" : "b366743df4c01ed4.png",
      "type" : "image/png",
      "size" : 156853
    }, {
      "uid" : "ac0e5ffb7e41f646",
      "name" : "Video record",
      "source" : "ac0e5ffb7e41f646.avi",
      "type" : "video/avi",
      "size" : 2442280
    }, {
      "uid" : "809ba7b3a0a4d674",
      "name" : "TC04_login failed and screenshot taken!",
      "source" : "809ba7b3a0a4d674.txt",
      "type" : "text/plain",
      "size" : 39
    }, {
      "uid" : "47f1547c3ab2ea3c",
      "name" : "TC04_login failed and video taken! check all failed videos in C:\\Users\\User\\Documents\\GitHub\\OrangeHRMTestNGAllure\\video if video attachments are broken",
      "source" : "47f1547c3ab2ea3c.txt",
      "type" : "text/plain",
      "size" : 152
    } ],
    "parameters" : [ ],
    "shouldDisplayMessage" : false,
    "attachmentsCount" : 7,
    "stepsCount" : 5,
    "hasContent" : true
  },
  "afterStages" : [ {
    "name" : "closeBrowser",
    "time" : {
      "start" : 1559639838016,
      "stop" : 1559639838734,
      "duration" : 718
    },
    "description" : "",
    "status" : "passed",
    "steps" : [ ],
    "attachments" : [ ],
    "parameters" : [ ],
    "shouldDisplayMessage" : false,
    "attachmentsCount" : 0,
    "stepsCount" : 0,
    "hasContent" : false
  } ],
  "labels" : [ {
    "name" : "package",
    "value" : "features.LoginTest"
  }, {
    "name" : "testClass",
    "value" : "features.LoginTest"
  }, {
    "name" : "testMethod",
    "value" : "TC04_login"
  }, {
    "name" : "parentSuite",
    "value" : "OrangeHRM Test Suite"
  }, {
    "name" : "suite",
    "value" : "Full Test"
  }, {
    "name" : "subSuite",
    "value" : "features.LoginTest"
  }, {
    "name" : "host",
    "value" : "DESKTOP-1DCFOTD"
  }, {
    "name" : "thread",
    "value" : "4916@DESKTOP-1DCFOTD.main(1)"
  }, {
    "name" : "framework",
    "value" : "testng"
  }, {
    "name" : "language",
    "value" : "java"
  }, {
    "name" : "story",
    "value" : "username and password login test"
  }, {
    "name" : "epic",
    "value" : "Regression Tests"
  }, {
    "name" : "feature",
    "value" : "Login To Orange HRM Portal"
  }, {
    "name" : "severity",
    "value" : "blocker"
  }, {
    "name" : "resultFormat",
    "value" : "allure2"
  } ],
  "parameters" : [ ],
  "links" : [ ],
  "hidden" : false,
  "retry" : false,
  "extra" : {
    "severity" : "blocker",
    "retries" : [ ],
    "categories" : [ {
      "name" : "Product defects",
      "matchedStatuses" : [ ],
      "flaky" : false
    } ],
    "tags" : [ ]
  },
  "source" : "d5443f4825f50aba.json",
  "parameterValues" : [ ]
}